  [4;36;1mSQL (0.3ms)[0m   [0;1m SELECT name
 FROM sqlite_master
 WHERE type = 'table' AND NOT name = 'sqlite_sequence'
[0m
  [4;35;1mSQL (0.2ms)[0m   [0mselect sqlite_version(*)[0m
  [4;36;1mSQL (2.4ms)[0m   [0;1mCREATE TABLE "schema_migrations" ("version" varchar(255) NOT NULL) [0m
  [4;35;1mSQL (1.6ms)[0m   [0mCREATE UNIQUE INDEX "unique_schema_migrations" ON "schema_migrations" ("version")[0m
  [4;36;1mSQL (0.2ms)[0m   [0;1m SELECT name
 FROM sqlite_master
 WHERE type = 'table' AND NOT name = 'sqlite_sequence'
[0m
  [4;35;1mSQL (0.1ms)[0m   [0mSELECT version FROM schema_migrations[0m
Migrating to CreateBooks (20090407065236)
  [4;36;1mSQL (0.6ms)[0m   [0;1mCREATE TABLE "books" ("id" INTEGER PRIMARY KEY AUTOINCREMENT NOT NULL, "title" varchar(255), "isbn" varchar(255), "authors" varchar(255), "created_at" datetime, "updated_at" datetime) [0m
  [4;35;1mSQL (0.2ms)[0m   [0mINSERT INTO schema_migrations (version) VALUES ('20090407065236')[0m
  [4;36;1mSQL (0.4ms)[0m   [0;1m SELECT name
 FROM sqlite_master
 WHERE type = 'table' AND NOT name = 'sqlite_sequence'
[0m
  [4;35;1mSQL (0.1ms)[0m   [0mSELECT version FROM schema_migrations[0m
  [4;36;1mSQL (0.2ms)[0m   [0;1m SELECT name
 FROM sqlite_master
 WHERE type = 'table' AND NOT name = 'sqlite_sequence'
[0m
  [4;35;1mSQL (0.0ms)[0m   [0mPRAGMA index_list("books")[0m
  [4;36;1mSQL (0.5ms)[0m   [0;1m SELECT name
 FROM sqlite_master
 WHERE type = 'table' AND NOT name = 'sqlite_sequence'
[0m
  [4;35;1mSQL (0.2ms)[0m   [0mSELECT version FROM schema_migrations[0m
  [4;36;1mSQL (0.2ms)[0m   [0;1m SELECT name
 FROM sqlite_master
 WHERE type = 'table' AND NOT name = 'sqlite_sequence'
[0m
  [4;35;1mSQL (0.1ms)[0m   [0mSELECT version FROM schema_migrations[0m
Migrating to CreateBooks (20090407065236)
  [4;36;1mSQL (0.1ms)[0m   [0;1mselect sqlite_version(*)[0m
  [4;35;1mSQL (0.7ms)[0m   [0mDROP TABLE "books"[0m
  [4;36;1mSQL (0.1ms)[0m   [0;1mDELETE FROM schema_migrations WHERE version = '20090407065236'[0m
  [4;35;1mSQL (0.4ms)[0m   [0m SELECT name
 FROM sqlite_master
 WHERE type = 'table' AND NOT name = 'sqlite_sequence'
[0m
  [4;36;1mSQL (0.1ms)[0m   [0;1mSELECT version FROM schema_migrations[0m
  [4;35;1mSQL (0.2ms)[0m   [0m SELECT name
 FROM sqlite_master
 WHERE type = 'table' AND NOT name = 'sqlite_sequence'
[0m
  [4;36;1mSQL (0.3ms)[0m   [0;1m SELECT name
 FROM sqlite_master
 WHERE type = 'table' AND NOT name = 'sqlite_sequence'
[0m
  [4;35;1mSQL (0.1ms)[0m   [0mSELECT version FROM schema_migrations[0m
Migrating to CreateBooks (20090407065236)
  [4;36;1mSQL (0.5ms)[0m   [0;1mCREATE TABLE "books" ("id" INTEGER PRIMARY KEY AUTOINCREMENT NOT NULL, "title" varchar(255), "isbn" varchar(255), "authors" varchar(255), "created_at" datetime, "updated_at" datetime) [0m
  [4;35;1mSQL (0.1ms)[0m   [0mINSERT INTO schema_migrations (version) VALUES ('20090407065236')[0m
  [4;36;1mSQL (0.3ms)[0m   [0;1m SELECT name
 FROM sqlite_master
 WHERE type = 'table' AND NOT name = 'sqlite_sequence'
[0m
  [4;35;1mSQL (0.1ms)[0m   [0mSELECT version FROM schema_migrations[0m
  [4;36;1mSQL (0.2ms)[0m   [0;1m SELECT name
 FROM sqlite_master
 WHERE type = 'table' AND NOT name = 'sqlite_sequence'
[0m
  [4;35;1mSQL (0.0ms)[0m   [0mPRAGMA index_list("books")[0m
  [4;36;1mBook Load (0.4ms)[0m   [0;1mSELECT * FROM "books" [0m
  [4;35;1mSQL (0.2ms)[0m   [0m SELECT name
 FROM sqlite_master
 WHERE type = 'table' AND NOT name = 'sqlite_sequence'
[0m
  [4;36;1mBook Load (0.2ms)[0m   [0;1mSELECT * FROM "books" WHERE ("books"."title" = 'Programming Ruby') LIMIT 1[0m
  [4;35;1mBook Load (0.2ms)[0m   [0mSELECT * FROM "books" [0m
  [4;36;1mBook Load (1.1ms)[0m   [0;1mSELECT * FROM "books" ORDER BY title[0m
  [4;35;1mBook Create (0.4ms)[0m   [0mINSERT INTO "books" ("isbn", "updated_at", "title", "authors", "created_at") VALUES('12397869876', '2009-04-07 07:10:16', 'Programming Rubby', 'Thomas, Hunt', '2009-04-07 07:10:16')[0m
  [4;36;1mBook Load (0.8ms)[0m   [0;1mSELECT * FROM "books" ORDER BY title[0m
  [4;35;1mBook Create (0.5ms)[0m   [0mINSERT INTO "books" ("isbn", "updated_at", "title", "authors", "created_at") VALUES('78657865', '2009-04-07 07:12:09', 'Agile Web Development with Rails', 'Thomas, Hansson et al', '2009-04-07 07:12:09')[0m
  [4;36;1mSQL (0.2ms)[0m   [0;1mSELECT count(*) AS count_all FROM "books" [0m
  [4;35;1mBook Load (0.3ms)[0m   [0mSELECT * FROM "books" WHERE ("books"."id" = 2) [0m
  [4;36;1mBook Load (0.3ms)[0m   [0;1mSELECT * FROM "books" [0m
  [4;35;1mBook Load (0.3ms)[0m   [0mSELECT * FROM "books" LIMIT 1[0m
  [4;36;1mBook Load (0.8ms)[0m   [0;1mSELECT * FROM "books" ORDER BY title LIMIT 1[0m
  [4;35;1mBook Load (0.0ms)[0m   [0mSQLite3::SQLException: no such column: isbntitle: SELECT * FROM "books" ORDER BY isbntitle LIMIT 1[0m
  [4;36;1mBook Load (0.8ms)[0m   [0;1mSELECT * FROM "books" ORDER BY isbn, title LIMIT 1[0m
  [4;35;1mBook Exists (0.2ms)[0m   [0mSELECT "books".id FROM "books" WHERE ("books"."isbn" IS NULL) LIMIT 1[0m
  [4;36;1mBook Load (0.3ms)[0m   [0;1mSELECT * FROM "books" WHERE ("books"."id" = 1) [0m
  [4;35;1mBook Exists (0.2ms)[0m   [0mSELECT "books".id FROM "books" WHERE ("books"."isbn" = '12397869876') LIMIT 1[0m
  [4;36;1mBook Exists (0.2ms)[0m   [0;1mSELECT "books".id FROM "books" WHERE ("books"."isbn" = '12397869876') LIMIT 1[0m
  [4;35;1mBook Exists (0.2ms)[0m   [0mSELECT "books".id FROM "books" WHERE ("books"."isbn" = '12397869876') LIMIT 1[0m
  [4;36;1mSQL (0.5ms)[0m   [0;1m SELECT name
 FROM sqlite_master
 WHERE type = 'table' AND NOT name = 'sqlite_sequence'
[0m
  [4;35;1mSQL (0.2ms)[0m   [0mSELECT version FROM schema_migrations[0m
Migrating to CreateBooks (20090407065236)
Migrating to CreateAuthors (20090407072420)
  [4;36;1mSQL (0.1ms)[0m   [0;1mselect sqlite_version(*)[0m
  [4;35;1mSQL (0.6ms)[0m   [0mCREATE TABLE "authors" ("id" INTEGER PRIMARY KEY AUTOINCREMENT NOT NULL, "first_name" varchar(255), "last_name" varchar(255), "created_at" datetime, "updated_at" datetime) [0m
  [4;36;1mSQL (0.1ms)[0m   [0;1mINSERT INTO schema_migrations (version) VALUES ('20090407072420')[0m
  [4;35;1mSQL (0.3ms)[0m   [0m SELECT name
 FROM sqlite_master
 WHERE type = 'table' AND NOT name = 'sqlite_sequence'
[0m
  [4;36;1mSQL (0.3ms)[0m   [0;1mSELECT version FROM schema_migrations[0m
  [4;35;1mSQL (0.2ms)[0m   [0m SELECT name
 FROM sqlite_master
 WHERE type = 'table' AND NOT name = 'sqlite_sequence'
[0m
  [4;36;1mSQL (0.0ms)[0m   [0;1mPRAGMA index_list("authors")[0m
  [4;35;1mSQL (0.0ms)[0m   [0mPRAGMA index_list("books")[0m
  [4;36;1mBook Load (0.2ms)[0m   [0;1mSELECT * FROM "books" WHERE ("books"."id" = 1) [0m
  [4;35;1mAuthor Load (0.0ms)[0m   [0mSQLite3::SQLException: no such column: authors.book_id: SELECT * FROM "authors" WHERE ("authors".book_id = 1) [0m
  [4;36;1mSQL (0.5ms)[0m   [0;1m SELECT name
 FROM sqlite_master
 WHERE type = 'table' AND NOT name = 'sqlite_sequence'
[0m
  [4;35;1mSQL (0.2ms)[0m   [0mSELECT version FROM schema_migrations[0m
  [4;36;1mSQL (0.2ms)[0m   [0;1m SELECT name
 FROM sqlite_master
 WHERE type = 'table' AND NOT name = 'sqlite_sequence'
[0m
  [4;35;1mSQL (0.1ms)[0m   [0mSELECT version FROM schema_migrations[0m
Migrating to CreateAuthors (20090407072420)
  [4;36;1mSQL (0.1ms)[0m   [0;1mselect sqlite_version(*)[0m
  [4;35;1mSQL (0.5ms)[0m   [0mDROP TABLE "authors"[0m
  [4;36;1mSQL (0.1ms)[0m   [0;1mDELETE FROM schema_migrations WHERE version = '20090407072420'[0m
  [4;35;1mSQL (0.3ms)[0m   [0m SELECT name
 FROM sqlite_master
 WHERE type = 'table' AND NOT name = 'sqlite_sequence'
[0m
  [4;36;1mSQL (0.1ms)[0m   [0;1mSELECT version FROM schema_migrations[0m
  [4;35;1mSQL (0.1ms)[0m   [0m SELECT name
 FROM sqlite_master
 WHERE type = 'table' AND NOT name = 'sqlite_sequence'
[0m
  [4;36;1mSQL (0.0ms)[0m   [0;1mPRAGMA index_list("books")[0m
  [4;35;1mSQL (0.3ms)[0m   [0m SELECT name
 FROM sqlite_master
 WHERE type = 'table' AND NOT name = 'sqlite_sequence'
[0m
  [4;36;1mSQL (0.1ms)[0m   [0;1mSELECT version FROM schema_migrations[0m
Migrating to CreateBooks (20090407065236)
Migrating to CreateAuthors (20090407072420)
  [4;35;1mSQL (0.5ms)[0m   [0mCREATE TABLE "authors" ("id" INTEGER PRIMARY KEY AUTOINCREMENT NOT NULL, "first_name" varchar(255), "last_name" varchar(255), "book_id" integer, "created_at" datetime, "updated_at" datetime) [0m
  [4;36;1mSQL (0.1ms)[0m   [0;1mINSERT INTO schema_migrations (version) VALUES ('20090407072420')[0m
  [4;35;1mSQL (0.3ms)[0m   [0m SELECT name
 FROM sqlite_master
 WHERE type = 'table' AND NOT name = 'sqlite_sequence'
[0m
  [4;36;1mSQL (0.1ms)[0m   [0;1mSELECT version FROM schema_migrations[0m
  [4;35;1mSQL (0.2ms)[0m   [0m SELECT name
 FROM sqlite_master
 WHERE type = 'table' AND NOT name = 'sqlite_sequence'
[0m
  [4;36;1mSQL (0.0ms)[0m   [0;1mPRAGMA index_list("authors")[0m
  [4;35;1mSQL (0.0ms)[0m   [0mPRAGMA index_list("books")[0m
  [4;36;1mBook Load (0.2ms)[0m   [0;1mSELECT * FROM "books" WHERE ("books"."id" = 1) [0m
  [4;35;1mAuthor Load (0.2ms)[0m   [0mSELECT * FROM "authors" WHERE ("authors".book_id = 1) [0m
  [4;36;1mAuthor Create (0.7ms)[0m   [0;1mINSERT INTO "authors" ("updated_at", "first_name", "last_name", "book_id", "created_at") VALUES('2009-04-07 07:29:17', 'Dave', 'Thomas', NULL, '2009-04-07 07:29:17')[0m
  [4;35;1mAuthor Update (0.4ms)[0m   [0mUPDATE "authors" SET "book_id" = 1, "updated_at" = '2009-04-07 07:29:46' WHERE "id" = 1[0m
  [4;36;1mAuthor Create (0.5ms)[0m   [0;1mINSERT INTO "authors" ("updated_at", "first_name", "last_name", "book_id", "created_at") VALUES('2009-04-07 07:30:47', 'Andy', 'Hunt', 1, '2009-04-07 07:30:47')[0m
  [4;35;1mAuthor Load (0.4ms)[0m   [0mSELECT * FROM "authors" [0m
  [4;36;1mAuthor Load (0.3ms)[0m   [0;1mSELECT * FROM "authors" WHERE ("authors".book_id = 1) [0m
  [4;36;1mAuthor Load (0.3ms)[0m   [0;1mSELECT * FROM "authors" WHERE ("authors"."id" = 1) [0m
  [4;35;1mBook Load (0.2ms)[0m   [0mSELECT * FROM "books" WHERE ("books"."id" = 1) [0m
  [4;36;1mSQL (0.5ms)[0m   [0;1m SELECT name
 FROM sqlite_master
 WHERE type = 'table' AND NOT name = 'sqlite_sequence'
[0m
  [4;35;1mSQL (0.2ms)[0m   [0mSELECT version FROM schema_migrations[0m
Migrating to CreateBooks (20090407065236)
Migrating to CreateAuthors (20090407072420)
Migrating to CreateAuthorsBooks (20090407073521)
  [4;36;1mSQL (0.1ms)[0m   [0;1mselect sqlite_version(*)[0m
  [4;35;1mSQL (0.3ms)[0m   [0m SELECT name
 FROM sqlite_master
 WHERE type = 'table' AND NOT name = 'sqlite_sequence'
[0m
  [4;36;1mSQL (0.5ms)[0m   [0;1mCREATE TABLE "authors_books" ("authors_id" integer, "books_id" integer, "created_at" datetime, "updated_at" datetime) [0m
  [4;35;1mSQL (0.1ms)[0m   [0mINSERT INTO schema_migrations (version) VALUES ('20090407073521')[0m
  [4;36;1mSQL (0.3ms)[0m   [0;1m SELECT name
 FROM sqlite_master
 WHERE type = 'table' AND NOT name = 'sqlite_sequence'
[0m
  [4;35;1mSQL (0.2ms)[0m   [0mSELECT version FROM schema_migrations[0m
  [4;36;1mSQL (0.2ms)[0m   [0;1m SELECT name
 FROM sqlite_master
 WHERE type = 'table' AND NOT name = 'sqlite_sequence'
[0m
  [4;35;1mSQL (0.0ms)[0m   [0mPRAGMA index_list("authors")[0m
  [4;36;1mSQL (0.0ms)[0m   [0;1mPRAGMA index_list("authors_books")[0m
  [4;35;1mSQL (0.0ms)[0m   [0mPRAGMA index_list("books")[0m
  [4;36;1mAuthor Load (0.2ms)[0m   [0;1mSELECT * FROM "authors" WHERE ("authors"."id" = 1) [0m
  [4;35;1mBook Load (0.0ms)[0m   [0mSQLite3::SQLException: no such column: authors_books.book_id: SELECT * FROM "books" INNER JOIN "authors_books" ON "books".id = "authors_books".book_id WHERE ("authors_books".author_id = 1 ) [0m
  [4;36;1mSQL (0.6ms)[0m   [0;1m SELECT name
 FROM sqlite_master
 WHERE type = 'table' AND NOT name = 'sqlite_sequence'
[0m
  [4;35;1mSQL (0.2ms)[0m   [0mSELECT version FROM schema_migrations[0m
  [4;36;1mSQL (0.2ms)[0m   [0;1m SELECT name
 FROM sqlite_master
 WHERE type = 'table' AND NOT name = 'sqlite_sequence'
[0m
  [4;35;1mSQL (0.2ms)[0m   [0mSELECT version FROM schema_migrations[0m
Migrating to CreateAuthorsBooks (20090407073521)
  [4;36;1mSQL (0.1ms)[0m   [0;1mselect sqlite_version(*)[0m
  [4;35;1mSQL (0.6ms)[0m   [0mDROP TABLE "authors_books"[0m
  [4;36;1mSQL (0.1ms)[0m   [0;1mDELETE FROM schema_migrations WHERE version = '20090407073521'[0m
  [4;35;1mSQL (0.4ms)[0m   [0m SELECT name
 FROM sqlite_master
 WHERE type = 'table' AND NOT name = 'sqlite_sequence'
[0m
  [4;36;1mSQL (0.1ms)[0m   [0;1mSELECT version FROM schema_migrations[0m
  [4;35;1mSQL (0.2ms)[0m   [0m SELECT name
 FROM sqlite_master
 WHERE type = 'table' AND NOT name = 'sqlite_sequence'
[0m
  [4;36;1mSQL (0.1ms)[0m   [0;1mPRAGMA index_list("authors")[0m
  [4;35;1mSQL (0.0ms)[0m   [0mPRAGMA index_list("books")[0m
  [4;36;1mSQL (0.2ms)[0m   [0;1m SELECT name
 FROM sqlite_master
 WHERE type = 'table' AND NOT name = 'sqlite_sequence'
[0m
  [4;35;1mSQL (0.2ms)[0m   [0mSELECT version FROM schema_migrations[0m
Migrating to CreateBooks (20090407065236)
Migrating to CreateAuthors (20090407072420)
Migrating to CreateAuthorsBooks (20090407073521)
  [4;36;1mSQL (0.5ms)[0m   [0;1m SELECT name
 FROM sqlite_master
 WHERE type = 'table' AND NOT name = 'sqlite_sequence'
[0m
  [4;35;1mSQL (0.4ms)[0m   [0mCREATE TABLE "authors_books" ("author_id" integer, "book_id" integer, "created_at" datetime, "updated_at" datetime) [0m
  [4;36;1mSQL (0.1ms)[0m   [0;1mINSERT INTO schema_migrations (version) VALUES ('20090407073521')[0m
  [4;35;1mSQL (0.3ms)[0m   [0m SELECT name
 FROM sqlite_master
 WHERE type = 'table' AND NOT name = 'sqlite_sequence'
[0m
  [4;36;1mSQL (0.2ms)[0m   [0;1mSELECT version FROM schema_migrations[0m
  [4;35;1mSQL (0.2ms)[0m   [0m SELECT name
 FROM sqlite_master
 WHERE type = 'table' AND NOT name = 'sqlite_sequence'
[0m
  [4;36;1mSQL (0.0ms)[0m   [0;1mPRAGMA index_list("authors")[0m
  [4;35;1mSQL (0.0ms)[0m   [0mPRAGMA index_list("authors_books")[0m
  [4;36;1mSQL (0.0ms)[0m   [0;1mPRAGMA index_list("books")[0m
  [4;36;1mAuthor Load (0.3ms)[0m   [0;1mSELECT * FROM "authors" WHERE ("authors"."id" = 1) [0m
  [4;35;1mBook Load (0.2ms)[0m   [0mSELECT * FROM "books" INNER JOIN "authors_books" ON "books".id = "authors_books".book_id WHERE ("authors_books".author_id = 1 ) [0m
  [4;36;1mBook Load (0.2ms)[0m   [0;1mSELECT * FROM "books" WHERE ("books"."id" = 1) [0m
  [4;35;1mSQL (0.5ms)[0m   [0mINSERT INTO "authors_books" ("updated_at", "author_id", "created_at", "book_id") VALUES ('2009-04-07 07:10:16', 1, '2009-04-07 07:10:16', 1)[0m
  [4;36;1mBook Load (0.3ms)[0m   [0;1mSELECT * FROM "books" WHERE ("books"."id" = 1) [0m
  [4;36;1mSQL (0.6ms)[0m   [0;1m SELECT name
 FROM sqlite_master
 WHERE type = 'table' AND NOT name = 'sqlite_sequence'
[0m
  [4;35;1mSQL (0.2ms)[0m   [0mSELECT version FROM schema_migrations[0m
Migrating to CreateBooks (20090407065236)
Migrating to CreateAuthors (20090407072420)
Migrating to CreateAuthorsBooks (20090407073521)
Migrating to RemoveAuthorsFromBooks (20090407081717)
  [4;36;1mSQL (0.1ms)[0m   [0;1mselect sqlite_version(*)[0m
  [4;35;1mSQL (1.1ms)[0m   [0mCREATE TEMPORARY TABLE "altered_books" ("id" INTEGER PRIMARY KEY AUTOINCREMENT NOT NULL, "title" varchar(255), "isbn" varchar(255), "authors" varchar(255), "created_at" datetime, "updated_at" datetime) [0m
  [4;36;1mSQL (0.0ms)[0m   [0;1mPRAGMA index_list("books")[0m
  [4;35;1mSQL (0.4ms)[0m   [0mDROP TABLE "books"[0m
  [4;36;1mSQL (0.2ms)[0m   [0;1mCREATE TABLE "books" ("id" INTEGER PRIMARY KEY AUTOINCREMENT NOT NULL, "title" varchar(255), "isbn" varchar(255), "created_at" datetime, "updated_at" datetime) [0m
  [4;35;1mSQL (0.0ms)[0m   [0mPRAGMA index_list("altered_books")[0m
  [4;36;1mSQL (0.1ms)[0m   [0;1mDROP TABLE "altered_books"[0m
  [4;35;1mSQL (0.2ms)[0m   [0mINSERT INTO schema_migrations (version) VALUES ('20090407081717')[0m
  [4;36;1mSQL (0.3ms)[0m   [0;1m SELECT name
 FROM sqlite_master
 WHERE type = 'table' AND NOT name = 'sqlite_sequence'
[0m
  [4;35;1mSQL (0.4ms)[0m   [0mSELECT version FROM schema_migrations[0m
  [4;36;1mSQL (0.3ms)[0m   [0;1m SELECT name
 FROM sqlite_master
 WHERE type = 'table' AND NOT name = 'sqlite_sequence'
[0m
  [4;35;1mSQL (0.0ms)[0m   [0mPRAGMA index_list("authors")[0m
  [4;36;1mSQL (0.1ms)[0m   [0;1mPRAGMA index_list("authors_books")[0m
  [4;35;1mSQL (0.1ms)[0m   [0mPRAGMA index_list("books")[0m
  [4;35;1mBook Load (0.2ms)[0m   [0mSELECT * FROM "books" WHERE ("books"."id" = 1) [0m
  [4;36;1mBook Exists (0.2ms)[0m   [0;1mSELECT "books".id FROM "books" WHERE ("books"."isbn" = '12397869876' AND "books".id <> 1) LIMIT 1[0m
  [4;35;1mBook Update (0.4ms)[0m   [0mUPDATE "books" SET "title" = 'Programming Ruby', "updated_at" = '2009-04-07 08:19:11' WHERE "id" = 1[0m
  [4;36;1mAuthor Load (0.4ms)[0m   [0;1mSELECT * FROM "authors" INNER JOIN "authors_books" ON "authors".id = "authors_books".author_id WHERE ("authors_books".book_id = 1 ) [0m
  [4;35;1mAuthor Load (0.3ms)[0m   [0mSELECT * FROM "authors" WHERE ("authors"."id" = 2) [0m
  [4;36;1mSQL (0.4ms)[0m   [0;1mINSERT INTO "authors_books" ("updated_at", "author_id", "created_at", "book_id") VALUES ('2009-04-07 07:30:47', 2, '2009-04-07 07:30:47', 1)[0m


Processing ApplicationController#index (for 127.0.0.1 at 2009-04-07 11:26:08) [GET]

ActionController::RoutingError (No route matches "/books" with {:method=>:get}):
  

Rendering rescues/layout (not_found)


Processing ApplicationController#index (for 127.0.0.1 at 2009-04-07 11:26:15) [GET]

ActionController::RoutingError (No route matches "/books/index" with {:method=>:get}):
  

Rendering rescues/layout (not_found)


Processing ApplicationController#index (for 127.0.0.1 at 2009-04-07 11:26:31) [GET]

ActionController::RoutingError (No route matches "/books/index.html" with {:method=>:get}):
  

Rendering rescues/layout (not_found)


Processing BooksController#index (for 127.0.0.1 at 2009-04-07 11:27:22) [GET]

ActionController::UnknownAction (No action responded to index. Actions: ):
  

Rendering rescues/layout (not_found)


Processing BooksController#index (for 127.0.0.1 at 2009-04-07 11:28:39) [GET]
Completed in 2ms (View: 1, DB: 0) | 200 OK [http://localhost/books]


Processing BooksController#index (for 127.0.0.1 at 2009-04-07 11:29:08) [GET]

ActionView::MissingTemplate (Missing template books/index.erb in view path app/views):
  app/controllers/books_controller.rb:4:in `index'

Rendering rescues/layout (internal_server_error)


Processing BooksController#index (for 127.0.0.1 at 2009-04-07 11:29:49) [GET]
Rendering books/index
Completed in 7ms (View: 6, DB: 0) | 200 OK [http://localhost/books]


Processing BooksController#index (for 127.0.0.1 at 2009-04-07 11:30:01) [GET]
Rendering books/index
Completed in 2ms (View: 1, DB: 0) | 200 OK [http://localhost/books]


Processing BooksController#index (for 127.0.0.1 at 2009-04-07 11:30:16) [GET]
Rendering books/index
Completed in 2ms (View: 1, DB: 0) | 200 OK [http://localhost/books]


Processing BooksController#index (for 127.0.0.1 at 2009-04-07 11:31:17) [GET]
  [4;36;1mBook Load (0.7ms)[0m   [0;1mSELECT * FROM "books" [0m
Rendering books/index
Completed in 18ms (View: 1, DB: 1) | 200 OK [http://localhost/books]


Processing BooksController#index (for 127.0.0.1 at 2009-04-07 11:33:05) [GET]
  [4;35;1mBook Load (0.6ms)[0m   [0mSELECT * FROM "books" [0m
Rendering books/index
Completed in 74ms (View: 68, DB: 1) | 200 OK [http://localhost/books]


Processing BooksController#index (for 127.0.0.1 at 2009-04-07 11:42:12) [GET]
  [4;36;1mBook Load (0.6ms)[0m   [0;1mSELECT * FROM "books" [0m
Rendering template within layouts/application
Rendering books/index
Completed in 12ms (View: 7, DB: 1) | 200 OK [http://localhost/books]


Processing BooksController#index (for 127.0.0.1 at 2009-04-07 11:43:30) [GET]
  [4;35;1mBook Load (0.6ms)[0m   [0mSELECT * FROM "books" [0m
Rendering template within layouts/application
Rendering books/index
Completed in 11ms (View: 5, DB: 1) | 200 OK [http://localhost/books]


Processing BooksController#index (for 127.0.0.1 at 2009-04-07 11:43:58) [GET]
  [4;36;1mBook Load (0.6ms)[0m   [0;1mSELECT * FROM "books" [0m
Rendering template within layouts/application
Rendering books/index
Completed in 8ms (View: 3, DB: 1) | 200 OK [http://localhost/books]


Processing BooksController#show (for 127.0.0.1 at 2009-04-07 11:44:51) [GET]
  Parameters: {"id"=>"1"}

ActionController::UnknownAction (No action responded to show. Actions: index):
  

Rendering rescues/layout (not_found)


Processing BooksController#show (for 127.0.0.1 at 2009-04-07 11:45:02) [GET]
  Parameters: {"id"=>"1"}

ActionView::MissingTemplate (Missing template books/show.erb in view path app/views):
  

Rendering rescues/layout (internal_server_error)


Processing BooksController#show (for 127.0.0.1 at 2009-04-07 11:45:37) [GET]
  Parameters: {"id"=>"1"}
  [4;35;1mBook Load (0.2ms)[0m   [0mSELECT * FROM "books" WHERE ("books"."id" = 1) [0m

ActionView::MissingTemplate (Missing template books/show.erb in view path app/views):
  

Rendering rescues/layout (internal_server_error)
  [4;35;1mBook Exists (0.1ms)[0m   [0mSELECT "books".id FROM "books" WHERE ("books"."isbn" = '98698769876' AND "books".id <> 1) LIMIT 1[0m
  [4;36;1mBook Update (0.6ms)[0m   [0;1mUPDATE "books" SET "isbn" = '98698769876', "updated_at" = '2009-04-07 10:17:17' WHERE "id" = 1[0m
  [4;35;1mBook Exists (0.2ms)[0m   [0mSELECT "books".id FROM "books" WHERE ("books"."isbn" = '98698769876' AND "books".id <> 1) LIMIT 1[0m
  [4;36;1mBook Update (0.6ms)[0m   [0;1mUPDATE "books" SET "title" = 'foo', "updated_at" = '2009-04-07 10:17:48' WHERE "id" = 1[0m
  [4;35;1mBook Load (0.3ms)[0m   [0mSELECT * FROM "books" WHERE ("books"."isbn" = '98698769876') [0m
  [4;36;1mBook Exists (0.2ms)[0m   [0;1mSELECT "books".id FROM "books" WHERE ("books"."isbn" = '98698769876' AND "books".id <> 1) LIMIT 1[0m
  [4;35;1mBook Update (0.4ms)[0m   [0mUPDATE "books" SET "title" = 'Programming Ruby)
', "updated_at" = '2009-04-07 10:19:11' WHERE "id" = 1[0m
  [4;36;1mBook Exists (0.2ms)[0m   [0;1mSELECT "books".id FROM "books" WHERE ("books"."isbn" = '98698769876' AND "books".id <> 1) LIMIT 1[0m
  [4;35;1mBook Update (0.4ms)[0m   [0mUPDATE "books" SET "title" = 'Programming Ruby', "updated_at" = '2009-04-07 10:19:15' WHERE "id" = 1[0m


Processing BooksController#index (for 127.0.0.1 at 2009-04-07 13:33:07) [GET]
  [4;36;1mBook Load (0.6ms)[0m   [0;1mSELECT * FROM "books" [0m
Rendering template within layouts/application
Rendering books/index
Completed in 12ms (View: 7, DB: 1) | 200 OK [http://localhost/books]


Processing BooksController#index (for 127.0.0.1 at 2009-04-07 13:33:49) [GET]
  [4;35;1mBook Load (0.6ms)[0m   [0mSELECT * FROM "books" [0m
Rendering template within layouts/application
Rendering books/index
Completed in 14ms (View: 8, DB: 1) | 200 OK [http://localhost/books]


Processing BooksController#show (for 127.0.0.1 at 2009-04-07 13:34:22) [GET]
  Parameters: {"id"=>"1"}
  [4;36;1mBook Load (0.2ms)[0m   [0;1mSELECT * FROM "books" WHERE ("books"."id" = 1) [0m

ActionView::MissingTemplate (Missing template books/show.erb in view path app/views):
  

Rendering rescues/layout (internal_server_error)


Processing BooksController#show (for 127.0.0.1 at 2009-04-07 13:34:43) [GET]
  Parameters: {"id"=>"1"}
  [4;35;1mBook Load (0.2ms)[0m   [0mSELECT * FROM "books" WHERE ("books"."id" = 1) [0m
Rendering template within layouts/application
Rendering books/show
Completed in 30ms (View: 24, DB: 0) | 200 OK [http://localhost/books/1]


Processing BooksController#show (for 127.0.0.1 at 2009-04-07 13:35:07) [GET]
  Parameters: {"id"=>"1"}
  [4;36;1mBook Load (0.2ms)[0m   [0;1mSELECT * FROM "books" WHERE ("books"."id" = 1) [0m
Rendering template within layouts/application
Rendering books/show
Completed in 17ms (View: 4, DB: 0) | 200 OK [http://localhost/books/1]


Processing BooksController#show (for 127.0.0.1 at 2009-04-07 13:36:11) [GET]
  Parameters: {"id"=>"1"}
  [4;35;1mBook Load (0.2ms)[0m   [0mSELECT * FROM "books" WHERE ("books"."id" = 1) [0m
Rendering template within layouts/application
Rendering books/show
  [4;36;1mAuthor Load (0.5ms)[0m   [0;1mSELECT * FROM "authors" INNER JOIN "authors_books" ON "authors".id = "authors_books".author_id WHERE ("authors_books".book_id = 1 ) [0m

ActionView::TemplateError (undefined method `name' for #<Author:0x21e90e0>) on line #16 of app/views/books/show.html.erb:
13:   </dt>
14:     <% @book.authors.each do |author| %>
15:     <dd>
16:       <%= author.name %>
17:     </dd>
18:     
19:     <% end %>

    app/views/books/show.html.erb:16
    app/views/books/show.html.erb:14

Rendered rescues/_trace (42.5ms)
Rendered rescues/_request_and_response (1.3ms)
Rendering rescues/layout (internal_server_error)


Processing BooksController#show (for 127.0.0.1 at 2009-04-07 13:36:36) [GET]
  Parameters: {"id"=>"1"}
  [4;35;1mBook Load (0.7ms)[0m   [0mSELECT * FROM "books" WHERE ("books"."id" = 1) [0m
Rendering template within layouts/application
Rendering books/show
  [4;36;1mAuthor Load (0.8ms)[0m   [0;1mSELECT * FROM "authors" INNER JOIN "authors_books" ON "authors".id = "authors_books".author_id WHERE ("authors_books".book_id = 1 ) [0m
Completed in 15ms (View: 8, DB: 1) | 200 OK [http://localhost/books/1]


Processing BooksController#index (for 127.0.0.1 at 2009-04-07 13:38:42) [GET]
  [4;35;1mBook Load (0.6ms)[0m   [0mSELECT * FROM "books" [0m
Rendering template within layouts/application
Rendering books/index
Completed in 10ms (View: 5, DB: 1) | 200 OK [http://localhost/books]


Processing BooksController#new (for 127.0.0.1 at 2009-04-07 13:39:23) [GET]

ActionView::MissingTemplate (Missing template books/new.erb in view path app/views):
  

Rendering rescues/layout (internal_server_error)


Processing BooksController#index (for 127.0.0.1 at 2009-04-07 13:39:34) [GET]
  [4;36;1mBook Load (0.6ms)[0m   [0;1mSELECT * FROM "books" [0m
Rendering template within layouts/application
Rendering books/index
Completed in 11ms (View: 6, DB: 1) | 200 OK [http://localhost/books]


Processing BooksController#index (for 127.0.0.1 at 2009-04-07 13:39:54) [GET]
  [4;35;1mBook Load (0.8ms)[0m   [0mSELECT * FROM "books" [0m
Rendering template within layouts/application
Rendering books/index
Completed in 75ms (View: 7, DB: 1) | 200 OK [http://localhost/books]


Processing BooksController#new (for 127.0.0.1 at 2009-04-07 13:40:05) [GET]

ActionView::MissingTemplate (Missing template books/new.erb in view path app/views):
  

Rendering rescues/layout (internal_server_error)


Processing BooksController#new (for 127.0.0.1 at 2009-04-07 13:40:58) [GET]
Rendering template within layouts/application
Rendering books/new
Completed in 95ms (View: 94, DB: 0) | 200 OK [http://localhost/books/new]


Processing BooksController#new (for 127.0.0.1 at 2009-04-07 13:42:07) [GET]
Rendering template within layouts/application
Rendering books/new
Completed in 10ms (View: 4, DB: 0) | 200 OK [http://localhost/books/new]


Processing BooksController#index (for 127.0.0.1 at 2009-04-07 13:42:44) [GET]
  [4;36;1mBook Load (0.6ms)[0m   [0;1mSELECT * FROM "books" [0m
Rendering template within layouts/application
Rendering books/index
Completed in 8ms (View: 3, DB: 1) | 200 OK [http://localhost/books]


Processing BooksController#new (for 127.0.0.1 at 2009-04-07 13:44:18) [GET]
Rendering template within layouts/application
Rendering books/new
Completed in 11ms (View: 5, DB: 0) | 200 OK [http://localhost/books/new]


Processing BooksController#new (for 127.0.0.1 at 2009-04-07 13:44:48) [GET]
Rendering template within layouts/application
Rendering books/new
Completed in 13ms (View: 6, DB: 0) | 200 OK [http://localhost/books/new]


Processing BooksController#new (for 127.0.0.1 at 2009-04-07 13:45:22) [GET]
Rendering template within layouts/application
Rendering books/new
Completed in 10ms (View: 5, DB: 0) | 200 OK [http://localhost/books/new]


Processing BooksController#new (for 127.0.0.1 at 2009-04-07 13:46:06) [GET]
Rendering template within layouts/application
Rendering books/new
Completed in 14ms (View: 9, DB: 0) | 200 OK [http://localhost/books/new]


Processing BooksController#create (for 127.0.0.1 at 2009-04-07 13:46:15) [POST]
  Parameters: {"commit"=>"Create book", "authenticity_token"=>"4XAOBuLifWvZD0g2jaxyRpVw2lTrBnajx/7ZoVbweS8=", "book"=>{"isbn"=>"", "title"=>""}}

ActionView::MissingTemplate (Missing template books/create.erb in view path app/views):
  

Rendering rescues/layout (internal_server_error)


Processing BooksController#create (for 127.0.0.1 at 2009-04-07 13:48:09) [POST]
  Parameters: {"commit"=>"Create book", "authenticity_token"=>"4XAOBuLifWvZD0g2jaxyRpVw2lTrBnajx/7ZoVbweS8=", "book"=>{"isbn"=>"", "title"=>""}}

ActionView::MissingTemplate (Missing template books/create.erb in view path app/views):
  

Rendering rescues/layout (internal_server_error)


Processing BooksController#create (for 127.0.0.1 at 2009-04-07 13:48:46) [POST]
  Parameters: {"commit"=>"Create book", "authenticity_token"=>"4XAOBuLifWvZD0g2jaxyRpVw2lTrBnajx/7ZoVbweS8=", "book"=>{"isbn"=>"87658765", "title"=>"Title"}}

ActionView::MissingTemplate (Missing template books/create.erb in view path app/views):
  

Rendering rescues/layout (internal_server_error)


Processing BooksController#create (for 127.0.0.1 at 2009-04-07 13:50:18) [POST]
  Parameters: {"commit"=>"Create book", "authenticity_token"=>"4XAOBuLifWvZD0g2jaxyRpVw2lTrBnajx/7ZoVbweS8=", "book"=>{"isbn"=>"87658765", "title"=>"Title"}}
  [4;35;1mBook Exists (0.3ms)[0m   [0mSELECT "books".id FROM "books" WHERE ("books"."isbn" = '87658765') LIMIT 1[0m
  [4;36;1mBook Create (1.7ms)[0m   [0;1mINSERT INTO "books" ("isbn", "updated_at", "title", "created_at") VALUES('87658765', '2009-04-07 10:50:18', 'Title', '2009-04-07 10:50:18')[0m
Redirected to http://localhost:3100/books
Completed in 56ms (DB: 2) | 302 Found [http://localhost/books]


Processing BooksController#index (for 127.0.0.1 at 2009-04-07 13:50:19) [GET]
  [4;35;1mBook Load (0.7ms)[0m   [0mSELECT * FROM "books" [0m
Rendering template within layouts/application
Rendering books/index
Completed in 10ms (View: 5, DB: 1) | 200 OK [http://localhost/books]


Processing BooksController#show (for 127.0.0.1 at 2009-04-07 13:50:24) [GET]
  Parameters: {"id"=>"3"}
  [4;36;1mBook Load (0.2ms)[0m   [0;1mSELECT * FROM "books" WHERE ("books"."id" = 3) [0m
Rendering template within layouts/application
Rendering books/show
  [4;35;1mAuthor Load (0.2ms)[0m   [0mSELECT * FROM "authors" INNER JOIN "authors_books" ON "authors".id = "authors_books".author_id WHERE ("authors_books".book_id = 3 ) [0m
Completed in 12ms (View: 6, DB: 0) | 200 OK [http://localhost/books/3]


Processing BooksController#new (for 127.0.0.1 at 2009-04-07 13:50:28) [GET]
Rendering template within layouts/application
Rendering books/new
Completed in 8ms (View: 3, DB: 0) | 200 OK [http://localhost/books/new]


Processing BooksController#create (for 127.0.0.1 at 2009-04-07 13:50:36) [POST]
  Parameters: {"commit"=>"Create book", "authenticity_token"=>"4XAOBuLifWvZD0g2jaxyRpVw2lTrBnajx/7ZoVbweS8=", "book"=>{"isbn"=>"76547654", "title"=>""}}
  [4;36;1mBook Exists (0.2ms)[0m   [0;1mSELECT "books".id FROM "books" WHERE ("books"."isbn" = '76547654') LIMIT 1[0m
Redirected to http://localhost:3100/books
Completed in 15ms (DB: 0) | 302 Found [http://localhost/books]


Processing BooksController#index (for 127.0.0.1 at 2009-04-07 13:50:36) [GET]
  [4;35;1mBook Load (0.7ms)[0m   [0mSELECT * FROM "books" [0m
Rendering template within layouts/application
Rendering books/index
Completed in 9ms (View: 4, DB: 1) | 200 OK [http://localhost/books]


Processing BooksController#index (for 127.0.0.1 at 2009-04-07 13:50:42) [GET]
  [4;36;1mBook Load (0.7ms)[0m   [0;1mSELECT * FROM "books" [0m
Rendering template within layouts/application
Rendering books/index
Completed in 12ms (View: 7, DB: 1) | 200 OK [http://localhost/books]


Processing BooksController#create (for 127.0.0.1 at 2009-04-07 13:51:37) [POST]
  Parameters: {"commit"=>"Create book", "authenticity_token"=>"4XAOBuLifWvZD0g2jaxyRpVw2lTrBnajx/7ZoVbweS8=", "book"=>{"isbn"=>"76547654", "title"=>""}}
  [4;35;1mBook Exists (0.3ms)[0m   [0mSELECT "books".id FROM "books" WHERE ("books"."isbn" = '76547654') LIMIT 1[0m
Rendering template within layouts/application
Rendering books/new
Completed in 16ms (View: 3, DB: 0) | 200 OK [http://localhost/books]


Processing BooksController#create (for 127.0.0.1 at 2009-04-07 13:51:46) [POST]
  Parameters: {"commit"=>"Create book", "authenticity_token"=>"4XAOBuLifWvZD0g2jaxyRpVw2lTrBnajx/7ZoVbweS8=", "book"=>{"isbn"=>"76547654", "title"=>""}}
  [4;36;1mBook Exists (0.2ms)[0m   [0;1mSELECT "books".id FROM "books" WHERE ("books"."isbn" = '76547654') LIMIT 1[0m
Rendering template within layouts/application
Rendering books/new
Completed in 12ms (View: 2, DB: 0) | 200 OK [http://localhost/books]


Processing BooksController#create (for 127.0.0.1 at 2009-04-07 13:52:20) [POST]
  Parameters: {"commit"=>"Create book", "authenticity_token"=>"4XAOBuLifWvZD0g2jaxyRpVw2lTrBnajx/7ZoVbweS8=", "book"=>{"isbn"=>"76547654", "title"=>""}}
  [4;35;1mBook Exists (0.2ms)[0m   [0mSELECT "books".id FROM "books" WHERE ("books"."isbn" = '76547654') LIMIT 1[0m
Rendering template within layouts/application
Rendering books/new

ActionView::TemplateError (`@#<Book:0x227e6cc>' is not allowed as an instance variable name) on line #1 of app/views/books/new.html.erb:
1: <%= error_messages_for @book %>
2: 
3: <% form_for(@book) do |f| %>
4:   <%= f.label :title %>

    app/views/books/new.html.erb:1
    app/controllers/books_controller.rb:22:in `create'

Rendered rescues/_trace (112.1ms)
Rendered rescues/_request_and_response (1.1ms)
Rendering rescues/layout (internal_server_error)


Processing BooksController#create (for 127.0.0.1 at 2009-04-07 13:52:30) [POST]
  Parameters: {"commit"=>"Create book", "authenticity_token"=>"4XAOBuLifWvZD0g2jaxyRpVw2lTrBnajx/7ZoVbweS8=", "book"=>{"isbn"=>"76547654", "title"=>""}}
  [4;36;1mBook Exists (0.2ms)[0m   [0;1mSELECT "books".id FROM "books" WHERE ("books"."isbn" = '76547654') LIMIT 1[0m
Rendering template within layouts/application
Rendering books/new
Completed in 48ms (View: 9, DB: 0) | 200 OK [http://localhost/books]


Processing BooksController#new (for 127.0.0.1 at 2009-04-07 13:52:37) [GET]
Rendering template within layouts/application
Rendering books/new
Completed in 11ms (View: 6, DB: 0) | 200 OK [http://localhost/books/new]


Processing BooksController#create (for 127.0.0.1 at 2009-04-07 13:52:45) [POST]
  Parameters: {"commit"=>"Create book", "authenticity_token"=>"4XAOBuLifWvZD0g2jaxyRpVw2lTrBnajx/7ZoVbweS8=", "book"=>{"isbn"=>"23542345", "title"=>""}}
  [4;35;1mBook Exists (0.5ms)[0m   [0mSELECT "books".id FROM "books" WHERE ("books"."isbn" = '23542345') LIMIT 1[0m
Rendering template within layouts/application
Rendering books/new
Completed in 12ms (View: 2, DB: 0) | 200 OK [http://localhost/books]


Processing BooksController#create (for 127.0.0.1 at 2009-04-07 13:53:44) [POST]
  Parameters: {"commit"=>"Create book", "authenticity_token"=>"4XAOBuLifWvZD0g2jaxyRpVw2lTrBnajx/7ZoVbweS8=", "book"=>{"isbn"=>"23542345", "title"=>""}}
  [4;36;1mBook Exists (0.2ms)[0m   [0;1mSELECT "books".id FROM "books" WHERE ("books"."isbn" = '23542345') LIMIT 1[0m
Rendering template within layouts/application
Rendering books/new
Completed in 29ms (View: 7, DB: 0) | 200 OK [http://localhost/books]


Processing BooksController#create (for 127.0.0.1 at 2009-04-07 13:53:55) [POST]
  Parameters: {"commit"=>"Create book", "authenticity_token"=>"4XAOBuLifWvZD0g2jaxyRpVw2lTrBnajx/7ZoVbweS8=", "book"=>{"isbn"=>"23542345", "title"=>""}}
  [4;35;1mBook Exists (0.2ms)[0m   [0mSELECT "books".id FROM "books" WHERE ("books"."isbn" = '23542345') LIMIT 1[0m
Rendering template within layouts/application
Rendering books/new
Completed in 57ms (View: 9, DB: 0) | 200 OK [http://localhost/books]


Processing BooksController#create (for 127.0.0.1 at 2009-04-07 13:54:13) [POST]
  Parameters: {"commit"=>"Create book", "authenticity_token"=>"4XAOBuLifWvZD0g2jaxyRpVw2lTrBnajx/7ZoVbweS8=", "book"=>{"isbn"=>"23542345", "title"=>""}}
  [4;36;1mBook Exists (0.2ms)[0m   [0;1mSELECT "books".id FROM "books" WHERE ("books"."isbn" = '23542345') LIMIT 1[0m
Rendering template within layouts/application
Rendering books/new
Completed in 49ms (View: 16, DB: 0) | 200 OK [http://localhost/books]


Processing BooksController#create (for 127.0.0.1 at 2009-04-07 13:54:52) [POST]
  Parameters: {"commit"=>"Create book", "authenticity_token"=>"4XAOBuLifWvZD0g2jaxyRpVw2lTrBnajx/7ZoVbweS8=", "book"=>{"isbn"=>"23542345", "title"=>"Test"}}
  [4;35;1mBook Exists (0.1ms)[0m   [0mSELECT "books".id FROM "books" WHERE ("books"."isbn" = '23542345') LIMIT 1[0m
  [4;36;1mBook Create (0.4ms)[0m   [0;1mINSERT INTO "books" ("isbn", "updated_at", "title", "created_at") VALUES('23542345', '2009-04-07 10:54:52', 'Test', '2009-04-07 10:54:52')[0m
Redirected to http://localhost:3100/books
Completed in 12ms (DB: 1) | 302 Found [http://localhost/books]


Processing BooksController#index (for 127.0.0.1 at 2009-04-07 13:54:52) [GET]
  [4;35;1mBook Load (0.8ms)[0m   [0mSELECT * FROM "books" [0m
Rendering template within layouts/application
Rendering books/index
Completed in 80ms (View: 4, DB: 1) | 200 OK [http://localhost/books]


Processing BooksController#index (for 127.0.0.1 at 2009-04-07 13:57:48) [GET]
  [4;36;1mBook Load (0.8ms)[0m   [0;1mSELECT * FROM "books" [0m
Rendering template within layouts/application
Rendering books/index
Completed in 18ms (View: 13, DB: 1) | 200 OK [http://localhost/books]


Processing BooksController#index (for 127.0.0.1 at 2009-04-07 13:57:51) [GET]
  [4;35;1mBook Load (0.8ms)[0m   [0mSELECT * FROM "books" [0m
Rendering template within layouts/application
Rendering books/index
Completed in 18ms (View: 13, DB: 1) | 200 OK [http://localhost/books]


Processing BooksController#new (for 127.0.0.1 at 2009-04-07 13:57:54) [GET]
Rendering template within layouts/application
Rendering books/new
Completed in 8ms (View: 3, DB: 0) | 200 OK [http://localhost/books/new]


Processing BooksController#create (for 127.0.0.1 at 2009-04-07 13:57:58) [POST]
  Parameters: {"commit"=>"Create book", "authenticity_token"=>"4XAOBuLifWvZD0g2jaxyRpVw2lTrBnajx/7ZoVbweS8=", "book"=>{"isbn"=>"879598756", "title"=>"Another book"}}
  [4;36;1mBook Exists (0.1ms)[0m   [0;1mSELECT "books".id FROM "books" WHERE ("books"."isbn" = '879598756') LIMIT 1[0m
  [4;35;1mBook Create (0.4ms)[0m   [0mINSERT INTO "books" ("isbn", "updated_at", "title", "created_at") VALUES('879598756', '2009-04-07 10:57:58', 'Another book', '2009-04-07 10:57:58')[0m
Redirected to http://localhost:3100/books
Completed in 12ms (DB: 1) | 302 Found [http://localhost/books]


Processing BooksController#index (for 127.0.0.1 at 2009-04-07 13:57:58) [GET]
  [4;36;1mBook Load (0.8ms)[0m   [0;1mSELECT * FROM "books" [0m
Rendering template within layouts/application
Rendering books/index
Completed in 11ms (View: 5, DB: 1) | 200 OK [http://localhost/books]


Processing BooksController#index (for 127.0.0.1 at 2009-04-07 13:58:33) [GET]
  [4;35;1mBook Load (0.9ms)[0m   [0mSELECT * FROM "books" [0m
Rendering template within layouts/application
Rendering books/index
Completed in 14ms (View: 9, DB: 1) | 200 OK [http://localhost/books]


Processing BooksController#new (for 127.0.0.1 at 2009-04-07 13:58:37) [GET]
Rendering template within layouts/application
Rendering books/new
Completed in 8ms (View: 3, DB: 0) | 200 OK [http://localhost/books/new]


Processing BooksController#create (for 127.0.0.1 at 2009-04-07 13:58:50) [POST]
  Parameters: {"commit"=>"Create book", "authenticity_token"=>"4XAOBuLifWvZD0g2jaxyRpVw2lTrBnajx/7ZoVbweS8=", "book"=>{"isbn"=>"7657654", "title"=>"Just another book"}}
  [4;36;1mBook Exists (0.2ms)[0m   [0;1mSELECT "books".id FROM "books" WHERE ("books"."isbn" = '7657654') LIMIT 1[0m
  [4;35;1mBook Create (0.9ms)[0m   [0mINSERT INTO "books" ("isbn", "updated_at", "title", "created_at") VALUES('7657654', '2009-04-07 10:58:50', 'Just another book', '2009-04-07 10:58:50')[0m
Redirected to http://localhost:3100/books
Completed in 11ms (DB: 1) | 302 Found [http://localhost/books]


Processing BooksController#index (for 127.0.0.1 at 2009-04-07 13:58:50) [GET]
  [4;36;1mBook Load (0.9ms)[0m   [0;1mSELECT * FROM "books" [0m
Rendering template within layouts/application
Rendering books/index
Completed in 9ms (View: 4, DB: 1) | 200 OK [http://localhost/books]


Processing BooksController#new (for 127.0.0.1 at 2009-04-07 14:00:03) [GET]
Rendering template within layouts/application
Rendering books/new
Completed in 7ms (View: 3, DB: 0) | 200 OK [http://localhost/books/new]


Processing BooksController#create (for 127.0.0.1 at 2009-04-07 14:00:06) [POST]
  Parameters: {"commit"=>"Create book", "authenticity_token"=>"4XAOBuLifWvZD0g2jaxyRpVw2lTrBnajx/7ZoVbweS8=", "book"=>{"isbn"=>"", "title"=>"kjhfjhg"}}
  [4;35;1mBook Exists (0.2ms)[0m   [0mSELECT "books".id FROM "books" WHERE ("books"."isbn" = '') LIMIT 1[0m
Rendering template within layouts/application
Rendering books/new
Completed in 88ms (View: 2, DB: 0) | 200 OK [http://localhost/books]


Processing BooksController#index (for 127.0.0.1 at 2009-04-07 14:00:15) [GET]
  [4;36;1mBook Load (0.9ms)[0m   [0;1mSELECT * FROM "books" [0m
Rendering template within layouts/application
Rendering books/index
Completed in 11ms (View: 5, DB: 1) | 200 OK [http://localhost/books]


Processing BooksController#index (for 127.0.0.1 at 2009-04-07 14:00:32) [GET]
  [4;35;1mBook Load (0.9ms)[0m   [0mSELECT * FROM "books" [0m
Rendering template within layouts/application
Rendering books/index
Completed in 9ms (View: 4, DB: 1) | 200 OK [http://localhost/books]


Processing BooksController#create (for 127.0.0.1 at 2009-04-07 14:01:09) [POST]
  Parameters: {"commit"=>"Create book", "authenticity_token"=>"4XAOBuLifWvZD0g2jaxyRpVw2lTrBnajx/7ZoVbweS8=", "book"=>{"isbn"=>"", "title"=>"kjhfjhg"}}
  [4;36;1mBook Exists (0.2ms)[0m   [0;1mSELECT "books".id FROM "books" WHERE ("books"."isbn" = '') LIMIT 1[0m
Rendering template within layouts/application
Rendering books/new
Completed in 13ms (View: 2, DB: 0) | 200 OK [http://localhost/books]


Processing BooksController#index (for 127.0.0.1 at 2009-04-07 14:01:13) [GET]
  [4;35;1mBook Load (1.7ms)[0m   [0mSELECT * FROM "books" [0m
Rendering template within layouts/application
Rendering books/index
Completed in 10ms (View: 4, DB: 2) | 200 OK [http://localhost/books]


Processing BooksController#index (for 127.0.0.1 at 2009-04-07 14:04:07) [GET]
  [4;36;1mBook Load (0.8ms)[0m   [0;1mSELECT * FROM "books" [0m
Rendering template within layouts/application
Rendering books/index
Rendered books/_book (2.8ms)
Rendered books/_book (0.3ms)
Rendered books/_book (0.2ms)
Rendered books/_book (0.2ms)
Rendered books/_book (0.2ms)
Rendered books/_book (0.2ms)
Completed in 17ms (View: 12, DB: 1) | 200 OK [http://localhost/books]


Processing BooksController#index (for 127.0.0.1 at 2009-04-07 14:04:46) [GET]
  [4;35;1mBook Load (0.8ms)[0m   [0mSELECT * FROM "books" [0m
Rendering template within layouts/application
Rendering books/index
Rendered books/_book (1.9ms)
Rendered books/_book (0.4ms)
Rendered books/_book (0.3ms)
Rendered books/_book (0.3ms)
Rendered books/_book (0.2ms)
Rendered books/_book (0.2ms)
Completed in 13ms (View: 8, DB: 1) | 200 OK [http://localhost/books]


Processing BooksController#new (for 127.0.0.1 at 2009-04-07 14:05:21) [GET]
Rendering template within layouts/application
Rendering books/new
Completed in 8ms (View: 3, DB: 0) | 200 OK [http://localhost/books/new]


Processing BooksController#show (for 127.0.0.1 at 2009-04-07 14:05:25) [GET]
  Parameters: {"id"=>"6"}
  [4;36;1mBook Load (0.2ms)[0m   [0;1mSELECT * FROM "books" WHERE ("books"."id" = 6) [0m
Rendering template within layouts/application
Rendering books/show
  [4;35;1mAuthor Load (0.2ms)[0m   [0mSELECT * FROM "authors" INNER JOIN "authors_books" ON "authors".id = "authors_books".author_id WHERE ("authors_books".book_id = 6 ) [0m
Completed in 12ms (View: 6, DB: 0) | 200 OK [http://localhost/books/6]


Processing BooksController#index (for 127.0.0.1 at 2009-04-07 14:06:16) [GET]
  [4;36;1mBook Load (0.9ms)[0m   [0;1mSELECT * FROM "books" [0m
Rendering template within layouts/application
Rendering books/index
Rendered books/_book (2.1ms)
Rendered books/_book (0.3ms)
Rendered books/_book (0.2ms)
Rendered books/_book (0.2ms)
Rendered books/_book (0.2ms)
Rendered books/_book (0.2ms)
Completed in 14ms (View: 8, DB: 1) | 200 OK [http://localhost/books]


Processing BooksController#new (for 127.0.0.1 at 2009-04-07 14:06:18) [GET]
Rendering template within layouts/application
Rendering books/new
Rendered books/_form (2.7ms)
Completed in 78ms (View: 8, DB: 0) | 200 OK [http://localhost/books/new]


Processing BooksController#index (for 127.0.0.1 at 2009-04-07 14:59:28) [GET]
  [4;35;1mBook Load (0.9ms)[0m   [0mSELECT * FROM "books" [0m
Rendering template within layouts/application
Rendering books/index
Rendered books/_book (2.0ms)
Rendered books/_book (0.3ms)
Rendered books/_book (0.2ms)
Rendered books/_book (0.2ms)
Rendered books/_book (0.2ms)
Rendered books/_book (0.2ms)
Completed in 11ms (View: 6, DB: 1) | 200 OK [http://localhost/books]


Processing BooksController#index (for 127.0.0.1 at 2009-04-07 14:59:30) [GET]
  [4;36;1mBook Load (0.9ms)[0m   [0;1mSELECT * FROM "books" [0m
Rendering template within layouts/application
Rendering books/index
Rendered books/_book (2.3ms)
Rendered books/_book (0.4ms)
Rendered books/_book (0.2ms)
Rendered books/_book (0.2ms)
Rendered books/_book (0.4ms)
Rendered books/_book (1.0ms)
Completed in 14ms (View: 9, DB: 1) | 200 OK [http://localhost/books]


Processing BooksController#show (for 127.0.0.1 at 2009-04-07 14:59:31) [GET]
  Parameters: {"id"=>"5"}
  [4;35;1mBook Load (0.2ms)[0m   [0mSELECT * FROM "books" WHERE ("books"."id" = 5) [0m
Rendering template within layouts/application
Rendering books/show
  [4;36;1mAuthor Load (0.2ms)[0m   [0;1mSELECT * FROM "authors" INNER JOIN "authors_books" ON "authors".id = "authors_books".author_id WHERE ("authors_books".book_id = 5 ) [0m
Completed in 14ms (View: 8, DB: 0) | 200 OK [http://localhost/books/5]


Processing BooksController#show (for 127.0.0.1 at 2009-04-07 15:00:10) [GET]
  Parameters: {"id"=>"3"}
  [4;35;1mBook Load (0.2ms)[0m   [0mSELECT * FROM "books" WHERE ("books"."id" = 3) [0m
Rendering template within layouts/application
Rendering books/show
  [4;36;1mAuthor Load (0.2ms)[0m   [0;1mSELECT * FROM "authors" INNER JOIN "authors_books" ON "authors".id = "authors_books".author_id WHERE ("authors_books".book_id = 3 ) [0m
Completed in 12ms (View: 6, DB: 0) | 200 OK [http://localhost/books/3]


Processing BooksController#show (for 127.0.0.1 at 2009-04-07 15:00:54) [GET]
  Parameters: {"id"=>"3"}
  [4;35;1mBook Load (0.3ms)[0m   [0mSELECT * FROM "books" WHERE ("books"."id" = 3) [0m
Rendering template within layouts/application
Rendering books/show
  [4;36;1mAuthor Load (0.2ms)[0m   [0;1mSELECT * FROM "authors" INNER JOIN "authors_books" ON "authors".id = "authors_books".author_id WHERE ("authors_books".book_id = 3 ) [0m
Completed in 15ms (View: 9, DB: 0) | 200 OK [http://localhost/books/3]


Processing BooksController#edit (for 127.0.0.1 at 2009-04-07 15:00:56) [GET]
  Parameters: {"id"=>"3"}

ActionController::UnknownAction (No action responded to edit. Actions: create, index, new, and show):
  

Rendering rescues/layout (not_found)


Processing BooksController#edit (for 127.0.0.1 at 2009-04-07 15:01:22) [GET]
  Parameters: {"id"=>"3"}
  [4;35;1mBook Load (0.2ms)[0m   [0mSELECT * FROM "books" WHERE ("books"."id" = 3) [0m

ActionView::MissingTemplate (Missing template books/edit.erb in view path app/views):
  

Rendering rescues/layout (internal_server_error)


Processing BooksController#show (for 127.0.0.1 at 2009-04-07 15:03:43) [GET]
  Parameters: {"id"=>"245"}
  [4;36;1mBook Load (0.1ms)[0m   [0;1mSELECT * FROM "books" WHERE ("books"."id" = 245) [0m
Filter chain halted as [:fetch_book] rendered_or_redirected.
Completed in 68ms (View: 1, DB: 0) | 404 Not Found [http://localhost/books/245]


Processing BooksController#show (for 127.0.0.1 at 2009-04-07 15:04:24) [GET]
  Parameters: {"id"=>"3"}
  [4;35;1mBook Load (0.2ms)[0m   [0mSELECT * FROM "books" WHERE ("books"."id" = 3) [0m
Rendering template within layouts/application
Rendering books/show
  [4;36;1mAuthor Load (0.2ms)[0m   [0;1mSELECT * FROM "authors" INNER JOIN "authors_books" ON "authors".id = "authors_books".author_id WHERE ("authors_books".book_id = 3 ) [0m
Completed in 12ms (View: 6, DB: 0) | 200 OK [http://localhost/books/3]


Processing BooksController#edit (for 127.0.0.1 at 2009-04-07 15:04:29) [GET]
  Parameters: {"id"=>"3"}
  [4;35;1mBook Load (0.2ms)[0m   [0mSELECT * FROM "books" WHERE ("books"."id" = 3) [0m

ActionView::MissingTemplate (Missing template books/edit.erb in view path app/views):
  

Rendering rescues/layout (internal_server_error)


Processing BooksController#edit (for 127.0.0.1 at 2009-04-07 15:04:46) [GET]
  Parameters: {"id"=>"3"}
  [4;36;1mBook Load (0.3ms)[0m   [0;1mSELECT * FROM "books" WHERE ("books"."id" = 3) [0m
Rendering template within layouts/application
Rendering books/edit
Rendered books/_form (2.9ms)
Completed in 17ms (View: 11, DB: 0) | 200 OK [http://localhost/books/3/edit]


Processing BooksController#edit (for 127.0.0.1 at 2009-04-07 15:05:10) [GET]
  Parameters: {"id"=>"3"}
  [4;35;1mBook Load (0.2ms)[0m   [0mSELECT * FROM "books" WHERE ("books"."id" = 3) [0m
Rendering template within layouts/application
Rendering books/edit
Rendered books/_form (2.6ms)
Completed in 11ms (View: 6, DB: 0) | 200 OK [http://localhost/books/3/edit]


Processing BooksController#edit (for 127.0.0.1 at 2009-04-07 15:06:00) [GET]
  Parameters: {"id"=>"3"}
  [4;36;1mBook Load (0.3ms)[0m   [0;1mSELECT * FROM "books" WHERE ("books"."id" = 3) [0m
Rendering template within layouts/application
Rendering books/edit
Rendered books/_form (2.9ms)
Completed in 18ms (View: 11, DB: 0) | 200 OK [http://localhost/books/3/edit]


Processing BooksController#edit (for 127.0.0.1 at 2009-04-07 15:07:06) [GET]
  Parameters: {"id"=>"3"}
  [4;35;1mBook Load (0.2ms)[0m   [0mSELECT * FROM "books" WHERE ("books"."id" = 3) [0m
Rendering template within layouts/application
Rendering books/edit
Rendered books/_form (3.3ms)
Completed in 13ms (View: 6, DB: 0) | 200 OK [http://localhost/books/3/edit]


Processing BooksController#update (for 127.0.0.1 at 2009-04-07 15:07:10) [PUT]
  Parameters: {"commit"=>"Update", "authenticity_token"=>"4XAOBuLifWvZD0g2jaxyRpVw2lTrBnajx/7ZoVbweS8=", "id"=>"3", "book"=>{"isbn"=>"87658765", "title"=>"Title"}}

ActionController::UnknownAction (No action responded to update. Actions: create, edit, index, new, and show):
  

Rendering rescues/layout (not_found)


Processing BooksController#update (for 127.0.0.1 at 2009-04-07 15:09:24) [PUT]
  Parameters: {"commit"=>"Update", "authenticity_token"=>"4XAOBuLifWvZD0g2jaxyRpVw2lTrBnajx/7ZoVbweS8=", "id"=>"3", "book"=>{"isbn"=>"87658765", "title"=>"Title"}}
  [4;36;1mBook Load (0.2ms)[0m   [0;1mSELECT * FROM "books" WHERE ("books"."id" = 3) [0m
  [4;35;1mBook Exists (0.3ms)[0m   [0mSELECT "books".id FROM "books" WHERE ("books"."isbn" = '87658765' AND "books".id <> 3) LIMIT 1[0m
Redirected to http://localhost:3100/books/3
Completed in 10ms (DB: 0) | 302 Found [http://localhost/books/3]


Processing BooksController#show (for 127.0.0.1 at 2009-04-07 15:09:24) [GET]
  Parameters: {"id"=>"3"}
  [4;36;1mBook Load (0.3ms)[0m   [0;1mSELECT * FROM "books" WHERE ("books"."id" = 3) [0m
Rendering template within layouts/application
Rendering books/show
  [4;35;1mAuthor Load (0.2ms)[0m   [0mSELECT * FROM "authors" INNER JOIN "authors_books" ON "authors".id = "authors_books".author_id WHERE ("authors_books".book_id = 3 ) [0m
Completed in 14ms (View: 8, DB: 1) | 200 OK [http://localhost/books/3]


Processing BooksController#edit (for 127.0.0.1 at 2009-04-07 15:09:30) [GET]
  Parameters: {"id"=>"3"}
  [4;36;1mBook Load (0.2ms)[0m   [0;1mSELECT * FROM "books" WHERE ("books"."id" = 3) [0m
Rendering template within layouts/application
Rendering books/edit
Rendered books/_form (2.1ms)
Completed in 12ms (View: 3, DB: 0) | 200 OK [http://localhost/books/3/edit]


Processing BooksController#update (for 127.0.0.1 at 2009-04-07 15:09:37) [PUT]
  Parameters: {"commit"=>"Update", "authenticity_token"=>"4XAOBuLifWvZD0g2jaxyRpVw2lTrBnajx/7ZoVbweS8=", "id"=>"3", "book"=>{"isbn"=>"87658765", "title"=>"Pragmatic Programmer"}}
  [4;35;1mBook Load (0.2ms)[0m   [0mSELECT * FROM "books" WHERE ("books"."id" = 3) [0m
  [4;36;1mBook Exists (0.1ms)[0m   [0;1mSELECT "books".id FROM "books" WHERE ("books"."isbn" = '87658765' AND "books".id <> 3) LIMIT 1[0m
  [4;35;1mBook Update (0.4ms)[0m   [0mUPDATE "books" SET "title" = 'Pragmatic Programmer', "updated_at" = '2009-04-07 12:09:37' WHERE "id" = 3[0m
Redirected to http://localhost:3100/books/3
Completed in 12ms (DB: 1) | 302 Found [http://localhost/books/3]


Processing BooksController#show (for 127.0.0.1 at 2009-04-07 15:09:37) [GET]
  Parameters: {"id"=>"3"}
  [4;36;1mBook Load (0.2ms)[0m   [0;1mSELECT * FROM "books" WHERE ("books"."id" = 3) [0m
Rendering template within layouts/application
Rendering books/show
  [4;35;1mAuthor Load (0.2ms)[0m   [0mSELECT * FROM "authors" INNER JOIN "authors_books" ON "authors".id = "authors_books".author_id WHERE ("authors_books".book_id = 3 ) [0m
Completed in 13ms (View: 6, DB: 0) | 200 OK [http://localhost/books/3]


Processing ApplicationController#index (for 127.0.0.1 at 2009-04-07 15:12:03) [GET]

ActionController::RoutingError (No route matches "/" with {:method=>:get}):
  

Rendering rescues/layout (not_found)


Processing BooksController#index (for 127.0.0.1 at 2009-04-07 15:12:59) [GET]
  [4;36;1mBook Load (2.1ms)[0m   [0;1mSELECT * FROM "books" [0m
Rendering template within layouts/application
Rendering books/index
Rendered books/_book (2.0ms)
Rendered books/_book (0.2ms)
Rendered books/_book (0.2ms)
Rendered books/_book (0.2ms)
Rendered books/_book (0.7ms)
Rendered books/_book (0.2ms)
Completed in 13ms (View: 7, DB: 2) | 200 OK [http://localhost/]


Processing BooksController#index (for 127.0.0.1 at 2009-04-07 15:13:04) [GET]
  [4;35;1mBook Load (0.8ms)[0m   [0mSELECT * FROM "books" [0m
Rendering template within layouts/application
Rendering books/index
Rendered books/_book (1.9ms)
Rendered books/_book (0.3ms)
Rendered books/_book (0.2ms)
Rendered books/_book (0.2ms)
Rendered books/_book (0.2ms)
Rendered books/_book (0.2ms)
Completed in 14ms (View: 8, DB: 1) | 200 OK [http://localhost/books]


Processing BooksController#index (for 127.0.0.1 at 2009-04-07 15:13:06) [GET]
  [4;36;1mBook Load (0.8ms)[0m   [0;1mSELECT * FROM "books" [0m
Rendering template within layouts/application
Rendering books/index
Rendered books/_book (1.8ms)
Rendered books/_book (0.3ms)
Rendered books/_book (0.3ms)
Rendered books/_book (0.3ms)
Rendered books/_book (0.3ms)
Rendered books/_book (0.2ms)
Completed in 12ms (View: 6, DB: 1) | 200 OK [http://localhost/]
/!\ FAILSAFE /!\  Tue Apr 07 15:13:31 +0300 2009
  Status: 500 Internal Server Error
  wrong number of arguments (2 for 1)
    /Users/jarkko/temp/metropolia/library/config/routes.rb:43:in `root'
    /Users/jarkko/temp/metropolia/library/config/routes.rb:43
    /Library/Ruby/Gems/1.8/gems/actionpack-2.3.2/lib/action_controller/routing/route_set.rb:226:in `draw'
    /Users/jarkko/temp/metropolia/library/config/routes.rb:1
    /Library/Ruby/Gems/1.8/gems/activesupport-2.3.2/lib/active_support/dependencies.rb:145:in `load_without_new_constant_marking'
    /Library/Ruby/Gems/1.8/gems/activesupport-2.3.2/lib/active_support/dependencies.rb:145:in `load'
    /Library/Ruby/Gems/1.8/gems/activesupport-2.3.2/lib/active_support/dependencies.rb:521:in `new_constants_in'
    /Library/Ruby/Gems/1.8/gems/activesupport-2.3.2/lib/active_support/dependencies.rb:145:in `load'
    /Library/Ruby/Gems/1.8/gems/actionpack-2.3.2/lib/action_controller/routing/route_set.rb:286:in `load_routes!'
    /Library/Ruby/Gems/1.8/gems/actionpack-2.3.2/lib/action_controller/routing/route_set.rb:286:in `each'
    /Library/Ruby/Gems/1.8/gems/actionpack-2.3.2/lib/action_controller/routing/route_set.rb:286:in `load_routes!'
    /Library/Ruby/Gems/1.8/gems/actionpack-2.3.2/lib/action_controller/routing/route_set.rb:266:in `load!'
    /Library/Ruby/Gems/1.8/gems/actionpack-2.3.2/lib/action_controller/routing/route_set.rb:281:in `reload'
    /Library/Ruby/Gems/1.8/gems/actionpack-2.3.2/lib/action_controller/dispatcher.rb:59:in `reload_application'
    /Library/Ruby/Gems/1.8/gems/actionpack-2.3.2/lib/action_controller/reloader.rb:8:in `call'
    /Library/Ruby/Gems/1.8/gems/actionpack-2.3.2/lib/action_controller/failsafe.rb:11:in `call'
    /Library/Ruby/Gems/1.8/gems/actionpack-2.3.2/lib/action_controller/vendor/rack-1.0/rack/lock.rb:11:in `call'
    /Library/Ruby/Gems/1.8/gems/actionpack-2.3.2/lib/action_controller/vendor/rack-1.0/rack/lock.rb:11:in `synchronize'
    /Library/Ruby/Gems/1.8/gems/actionpack-2.3.2/lib/action_controller/vendor/rack-1.0/rack/lock.rb:11:in `call'
    /Library/Ruby/Gems/1.8/gems/actionpack-2.3.2/lib/action_controller/dispatcher.rb:106:in `call'
    /Library/Ruby/Gems/1.8/gems/rails-2.3.2/lib/rails/rack/static.rb:31:in `call'
    /Library/Ruby/Gems/1.8/gems/actionpack-2.3.2/lib/action_controller/vendor/rack-1.0/rack/urlmap.rb:46:in `call'
    /Library/Ruby/Gems/1.8/gems/actionpack-2.3.2/lib/action_controller/vendor/rack-1.0/rack/urlmap.rb:40:in `each'
    /Library/Ruby/Gems/1.8/gems/actionpack-2.3.2/lib/action_controller/vendor/rack-1.0/rack/urlmap.rb:40:in `call'
    /Library/Ruby/Gems/1.8/gems/actionpack-2.3.2/lib/action_controller/vendor/rack-1.0/rack/content_length.rb:13:in `call'
    /Library/Ruby/Gems/1.8/gems/actionpack-2.3.2/lib/action_controller/vendor/rack-1.0/rack/chunked.rb:15:in `call'
    /Library/Ruby/Gems/1.8/gems/actionpack-2.3.2/lib/action_controller/vendor/rack-1.0/rack/handler/mongrel.rb:61:in `process'
    /Library/Ruby/Gems/1.8/gems/mongrel-1.1.5/lib/mongrel.rb:159:in `process_client'
    /Library/Ruby/Gems/1.8/gems/mongrel-1.1.5/lib/mongrel.rb:158:in `each'
    /Library/Ruby/Gems/1.8/gems/mongrel-1.1.5/lib/mongrel.rb:158:in `process_client'
    /Library/Ruby/Gems/1.8/gems/mongrel-1.1.5/lib/mongrel.rb:285:in `run'
    /Library/Ruby/Gems/1.8/gems/mongrel-1.1.5/lib/mongrel.rb:285:in `initialize'
    /Library/Ruby/Gems/1.8/gems/mongrel-1.1.5/lib/mongrel.rb:285:in `new'
    /Library/Ruby/Gems/1.8/gems/mongrel-1.1.5/lib/mongrel.rb:285:in `run'
    /Library/Ruby/Gems/1.8/gems/mongrel-1.1.5/lib/mongrel.rb:268:in `initialize'
    /Library/Ruby/Gems/1.8/gems/mongrel-1.1.5/lib/mongrel.rb:268:in `new'
    /Library/Ruby/Gems/1.8/gems/mongrel-1.1.5/lib/mongrel.rb:268:in `run'
    /Library/Ruby/Gems/1.8/gems/actionpack-2.3.2/lib/action_controller/vendor/rack-1.0/rack/handler/mongrel.rb:34:in `run'
    /Library/Ruby/Gems/1.8/gems/rails-2.3.2/lib/commands/server.rb:111
    /Library/Ruby/Site/1.8/rubygems/custom_require.rb:31:in `gem_original_require'
    /Library/Ruby/Site/1.8/rubygems/custom_require.rb:31:in `require'
    script/server:3


Processing ApplicationController#index (for 127.0.0.1 at 2009-04-07 15:13:34) [GET]

ActionController::RoutingError (No route matches "/" with {:method=>:get}):
  

Rendering rescues/layout (not_found)


Processing BooksController#index (for 127.0.0.1 at 2009-04-07 15:13:50) [GET]
  [4;35;1mBook Load (0.9ms)[0m   [0mSELECT * FROM "books" [0m
Rendering template within layouts/application
Rendering books/index
Rendered books/_book (2.1ms)
Rendered books/_book (0.2ms)
Rendered books/_book (0.3ms)
Rendered books/_book (0.3ms)
Rendered books/_book (0.2ms)
Rendered books/_book (0.2ms)
Completed in 11ms (View: 6, DB: 1) | 200 OK [http://localhost/]


Processing BooksController#show (for 127.0.0.1 at 2009-04-07 15:15:22) [GET]
  Parameters: {"id"=>"1"}
  [4;36;1mBook Load (0.3ms)[0m   [0;1mSELECT * FROM "books" WHERE ("books"."id" = 1) [0m
Rendering template within layouts/application
Rendering books/show
  [4;35;1mAuthor Load (0.5ms)[0m   [0mSELECT * FROM "authors" INNER JOIN "authors_books" ON "authors".id = "authors_books".author_id WHERE ("authors_books".book_id = 1 ) [0m
Completed in 15ms (View: 8, DB: 1) | 200 OK [http://localhost/show_me_a_book/1]


Processing BooksController#index (for 127.0.0.1 at 2009-04-07 15:16:16) [GET]
  [4;36;1mBook Load (0.9ms)[0m   [0;1mSELECT * FROM "books" [0m
Rendering template within layouts/application
Rendering books/index
Rendered books/_book (2.8ms)
Rendered books/_book (0.2ms)
Rendered books/_book (0.1ms)
Rendered books/_book (0.1ms)
Rendered books/_book (0.1ms)
Rendered books/_book (0.2ms)
Completed in 16ms (View: 9, DB: 1) | 200 OK [http://localhost/]


Processing BooksController#index (for 127.0.0.1 at 2009-04-07 15:17:08) [GET]
  [4;35;1mBook Load (0.8ms)[0m   [0mSELECT * FROM "books" [0m
Rendering template within layouts/application
Rendering books/index
Rendered books/_book (2.2ms)
Rendered books/_book (1.0ms)
Rendered books/_book (0.3ms)
Rendered books/_book (0.2ms)
Rendered books/_book (0.2ms)
Rendered books/_book (0.2ms)
Completed in 18ms (View: 12, DB: 1) | 200 OK [http://localhost/]


Processing BooksController#show (for 127.0.0.1 at 2009-04-07 15:18:15) [GET]
  Parameters: {"id"=>"1"}
  [4;36;1mBook Load (0.2ms)[0m   [0;1mSELECT * FROM "books" WHERE ("books"."id" = 1) [0m
Rendering template within layouts/application
Rendering books/show
  [4;35;1mAuthor Load (0.5ms)[0m   [0mSELECT * FROM "authors" INNER JOIN "authors_books" ON "authors".id = "authors_books".author_id WHERE ("authors_books".book_id = 1 ) [0m
Completed in 14ms (View: 8, DB: 1) | 200 OK [http://localhost/books/1]


Processing BooksController#index (for 127.0.0.1 at 2009-04-07 15:18:22) [GET]
  [4;36;1mBook Load (0.8ms)[0m   [0;1mSELECT * FROM "books" [0m
Rendering template within layouts/application
Rendering books/index
Rendered books/_book (63.8ms)
Rendered books/_book (0.3ms)
Rendered books/_book (0.4ms)
Rendered books/_book (0.2ms)
Rendered books/_book (0.2ms)
Rendered books/_book (0.2ms)
Completed in 74ms (View: 69, DB: 1) | 200 OK [http://localhost/books]


Processing BooksController#show (for 127.0.0.1 at 2009-04-07 15:19:33) [GET]
  Parameters: {"id"=>"1"}
  [4;35;1mBook Load (0.2ms)[0m   [0mSELECT * FROM "books" WHERE ("books"."id" = 1) [0m
Rendering template within layouts/application
Rendering books/show
  [4;36;1mAuthor Load (2.0ms)[0m   [0;1mSELECT * FROM "authors" INNER JOIN "authors_books" ON "authors".id = "authors_books".author_id WHERE ("authors_books".book_id = 1 ) [0m
Completed in 24ms (View: 10, DB: 2) | 200 OK [http://localhost/books/1]


Processing BooksController#show to xml (for 127.0.0.1 at 2009-04-07 15:19:41) [GET]
  Parameters: {"id"=>"1"}
  [4;35;1mBook Load (0.2ms)[0m   [0mSELECT * FROM "books" WHERE ("books"."id" = 1) [0m

ActionView::MissingTemplate (Missing template books/show.erb in view path app/views):
  

Rendering rescues/layout (internal_server_error)


Processing BooksController#show to xml (for 127.0.0.1 at 2009-04-07 15:20:32) [GET]
  Parameters: {"id"=>"1"}
  [4;36;1mBook Load (0.2ms)[0m   [0;1mSELECT * FROM "books" WHERE ("books"."id" = 1) [0m
Completed in 139ms (View: 1, DB: 0) | 200 OK [http://localhost/books/1.xml]


Processing BooksController#index to xml (for 127.0.0.1 at 2009-04-07 15:21:17) [GET]
  [4;35;1mBook Load (0.9ms)[0m   [0mSELECT * FROM "books" [0m
Completed in 10ms (View: 1, DB: 1) | 200 OK [http://localhost/books.xml]


Processing BooksController#index (for 127.0.0.1 at 2009-04-07 15:21:59) [GET]
  [4;36;1mBook Load (0.9ms)[0m   [0;1mSELECT * FROM "books" [0m
Rendering template within layouts/application
Rendering books/index
Rendered books/_book (1.8ms)
Rendered books/_book (0.2ms)
Rendered books/_book (0.2ms)
Rendered books/_book (3.0ms)
Rendered books/_book (0.4ms)
Rendered books/_book (0.2ms)
Completed in 13ms (View: 8, DB: 1) | 200 OK [http://localhost/books]


Processing BooksController#new (for 127.0.0.1 at 2009-04-07 15:22:09) [GET]
Rendering template within layouts/application
Rendering books/new
ERROR: compiling _run_erb_app47views47books47new46html46erb RAISED compile error
/Users/jarkko/temp/metropolia/library/app/views/books/new.html.erb:1: syntax error, unexpected ','
            old_output_buffer = output_buffer;;@output_buffer = '';  __in_erb_template=true ; @output_buffer.concat(( render :partial => "form", , :locals => {:submit_text => "Create"} ).to_s); @output_buffer
                                                                                                                                                  ^
Function body:           def _run_erb_app47views47books47new46html46erb(local_assigns)
            old_output_buffer = output_buffer;;@output_buffer = '';  __in_erb_template=true ; @output_buffer.concat(( render :partial => "form", , :locals => {:submit_text => "Create"} ).to_s); @output_buffer
          ensure
            self.output_buffer = old_output_buffer
          end
Backtrace: /Users/jarkko/temp/metropolia/library/app/views/books/new.html.erb:4:in `compile!'
/Library/Ruby/Gems/1.8/gems/actionpack-2.3.2/lib/action_view/renderable.rb:61:in `compile'
/Library/Ruby/Gems/1.8/gems/actionpack-2.3.2/lib/action_view/renderable.rb:28:in `render'
/Library/Ruby/Gems/1.8/gems/actionpack-2.3.2/lib/action_view/template.rb:194:in `render_template'
/Library/Ruby/Gems/1.8/gems/actionpack-2.3.2/lib/action_view/base.rb:260:in `render'
/Library/Ruby/Gems/1.8/gems/actionpack-2.3.2/lib/action_view/base.rb:343:in `_render_with_layout'
/Library/Ruby/Gems/1.8/gems/actionpack-2.3.2/lib/action_view/base.rb:257:in `render'
/Library/Ruby/Gems/1.8/gems/actionpack-2.3.2/lib/action_controller/base.rb:1241:in `render_for_file'
/Library/Ruby/Gems/1.8/gems/actionpack-2.3.2/lib/action_controller/base.rb:937:in `render_without_benchmark'
/Library/Ruby/Gems/1.8/gems/actionpack-2.3.2/lib/action_controller/benchmarking.rb:51:in `render'
/Library/Ruby/Gems/1.8/gems/activesupport-2.3.2/lib/active_support/core_ext/benchmark.rb:17:in `ms'
/Library/Ruby/Gems/1.8/gems/activesupport-2.3.2/lib/active_support/core_ext/benchmark.rb:10:in `realtime'
/Library/Ruby/Gems/1.8/gems/activesupport-2.3.2/lib/active_support/core_ext/benchmark.rb:17:in `ms'
/Library/Ruby/Gems/1.8/gems/actionpack-2.3.2/lib/action_controller/benchmarking.rb:51:in `render'
/Library/Ruby/Gems/1.8/gems/actionpack-2.3.2/lib/action_controller/base.rb:1317:in `default_render'
/Library/Ruby/Gems/1.8/gems/actionpack-2.3.2/lib/action_controller/base.rb:1323:in `perform_action_without_filters'
/Library/Ruby/Gems/1.8/gems/actionpack-2.3.2/lib/action_controller/filters.rb:617:in `call_filters'
/Library/Ruby/Gems/1.8/gems/actionpack-2.3.2/lib/action_controller/filters.rb:610:in `perform_action_without_benchmark'
/Library/Ruby/Gems/1.8/gems/actionpack-2.3.2/lib/action_controller/benchmarking.rb:68:in `perform_action_without_rescue'
/Library/Ruby/Gems/1.8/gems/activesupport-2.3.2/lib/active_support/core_ext/benchmark.rb:17:in `ms'
/Library/Ruby/Gems/1.8/gems/activesupport-2.3.2/lib/active_support/core_ext/benchmark.rb:10:in `realtime'
/Library/Ruby/Gems/1.8/gems/activesupport-2.3.2/lib/active_support/core_ext/benchmark.rb:17:in `ms'
/Library/Ruby/Gems/1.8/gems/actionpack-2.3.2/lib/action_controller/benchmarking.rb:68:in `perform_action_without_rescue'
/Library/Ruby/Gems/1.8/gems/actionpack-2.3.2/lib/action_controller/rescue.rb:160:in `perform_action_without_flash'
/Library/Ruby/Gems/1.8/gems/actionpack-2.3.2/lib/action_controller/flash.rb:141:in `perform_action'
/Library/Ruby/Gems/1.8/gems/actionpack-2.3.2/lib/action_controller/base.rb:523:in `send'
/Library/Ruby/Gems/1.8/gems/actionpack-2.3.2/lib/action_controller/base.rb:523:in `process_without_filters'
/Library/Ruby/Gems/1.8/gems/actionpack-2.3.2/lib/action_controller/filters.rb:606:in `process'
/Library/Ruby/Gems/1.8/gems/actionpack-2.3.2/lib/action_controller/base.rb:391:in `process'
/Library/Ruby/Gems/1.8/gems/actionpack-2.3.2/lib/action_controller/base.rb:386:in `call'
/Library/Ruby/Gems/1.8/gems/actionpack-2.3.2/lib/action_controller/routing/route_set.rb:433:in `call'
/Library/Ruby/Gems/1.8/gems/actionpack-2.3.2/lib/action_controller/dispatcher.rb:88:in `dispatch'
/Library/Ruby/Gems/1.8/gems/actionpack-2.3.2/lib/action_controller/dispatcher.rb:111:in `_call'
/Library/Ruby/Gems/1.8/gems/actionpack-2.3.2/lib/action_controller/dispatcher.rb:82:in `initialize'
/Library/Ruby/Gems/1.8/gems/activerecord-2.3.2/lib/active_record/query_cache.rb:29:in `call'
/Library/Ruby/Gems/1.8/gems/activerecord-2.3.2/lib/active_record/query_cache.rb:29:in `call'
/Library/Ruby/Gems/1.8/gems/activerecord-2.3.2/lib/active_record/connection_adapters/abstract/query_cache.rb:34:in `cache'
/Library/Ruby/Gems/1.8/gems/activerecord-2.3.2/lib/active_record/query_cache.rb:9:in `cache'
/Library/Ruby/Gems/1.8/gems/activerecord-2.3.2/lib/active_record/query_cache.rb:28:in `call'
/Library/Ruby/Gems/1.8/gems/activerecord-2.3.2/lib/active_record/connection_adapters/abstract/connection_pool.rb:361:in `call'
/Library/Ruby/Gems/1.8/gems/actionpack-2.3.2/lib/action_controller/vendor/rack-1.0/rack/head.rb:9:in `call'
/Library/Ruby/Gems/1.8/gems/actionpack-2.3.2/lib/action_controller/vendor/rack-1.0/rack/methodoverride.rb:24:in `call'
/Library/Ruby/Gems/1.8/gems/actionpack-2.3.2/lib/action_controller/params_parser.rb:15:in `call'
/Library/Ruby/Gems/1.8/gems/actionpack-2.3.2/lib/action_controller/rewindable_input.rb:25:in `call'
/Library/Ruby/Gems/1.8/gems/actionpack-2.3.2/lib/action_controller/session/cookie_store.rb:93:in `call'
/Library/Ruby/Gems/1.8/gems/actionpack-2.3.2/lib/action_controller/reloader.rb:9:in `call'
/Library/Ruby/Gems/1.8/gems/actionpack-2.3.2/lib/action_controller/failsafe.rb:11:in `call'
/Library/Ruby/Gems/1.8/gems/actionpack-2.3.2/lib/action_controller/vendor/rack-1.0/rack/lock.rb:11:in `call'
/Library/Ruby/Gems/1.8/gems/actionpack-2.3.2/lib/action_controller/vendor/rack-1.0/rack/lock.rb:11:in `synchronize'
/Library/Ruby/Gems/1.8/gems/actionpack-2.3.2/lib/action_controller/vendor/rack-1.0/rack/lock.rb:11:in `call'
/Library/Ruby/Gems/1.8/gems/actionpack-2.3.2/lib/action_controller/dispatcher.rb:106:in `call'
/Library/Ruby/Gems/1.8/gems/rails-2.3.2/lib/rails/rack/static.rb:31:in `call'
/Library/Ruby/Gems/1.8/gems/actionpack-2.3.2/lib/action_controller/vendor/rack-1.0/rack/urlmap.rb:46:in `call'
/Library/Ruby/Gems/1.8/gems/actionpack-2.3.2/lib/action_controller/vendor/rack-1.0/rack/urlmap.rb:40:in `each'
/Library/Ruby/Gems/1.8/gems/actionpack-2.3.2/lib/action_controller/vendor/rack-1.0/rack/urlmap.rb:40:in `call'
/Library/Ruby/Gems/1.8/gems/actionpack-2.3.2/lib/action_controller/vendor/rack-1.0/rack/content_length.rb:13:in `call'
/Library/Ruby/Gems/1.8/gems/actionpack-2.3.2/lib/action_controller/vendor/rack-1.0/rack/chunked.rb:15:in `call'
/Library/Ruby/Gems/1.8/gems/actionpack-2.3.2/lib/action_controller/vendor/rack-1.0/rack/handler/mongrel.rb:61:in `process'
/Library/Ruby/Gems/1.8/gems/mongrel-1.1.5/lib/mongrel.rb:159:in `process_client'
/Library/Ruby/Gems/1.8/gems/mongrel-1.1.5/lib/mongrel.rb:158:in `each'
/Library/Ruby/Gems/1.8/gems/mongrel-1.1.5/lib/mongrel.rb:158:in `process_client'
/Library/Ruby/Gems/1.8/gems/mongrel-1.1.5/lib/mongrel.rb:285:in `run'
/Library/Ruby/Gems/1.8/gems/mongrel-1.1.5/lib/mongrel.rb:285:in `initialize'
/Library/Ruby/Gems/1.8/gems/mongrel-1.1.5/lib/mongrel.rb:285:in `new'
/Library/Ruby/Gems/1.8/gems/mongrel-1.1.5/lib/mongrel.rb:285:in `run'
/Library/Ruby/Gems/1.8/gems/mongrel-1.1.5/lib/mongrel.rb:268:in `initialize'
/Library/Ruby/Gems/1.8/gems/mongrel-1.1.5/lib/mongrel.rb:268:in `new'
/Library/Ruby/Gems/1.8/gems/mongrel-1.1.5/lib/mongrel.rb:268:in `run'
/Library/Ruby/Gems/1.8/gems/actionpack-2.3.2/lib/action_controller/vendor/rack-1.0/rack/handler/mongrel.rb:34:in `run'
/Library/Ruby/Gems/1.8/gems/rails-2.3.2/lib/commands/server.rb:111
/Library/Ruby/Site/1.8/rubygems/custom_require.rb:31:in `gem_original_require'
/Library/Ruby/Site/1.8/rubygems/custom_require.rb:31:in `require'
script/server:3

ActionView::TemplateError (compile error
/Users/jarkko/temp/metropolia/library/app/views/books/new.html.erb:1: syntax error, unexpected ','
            old_output_buffer = output_buffer;;@output_buffer = '';  __in_erb_template=true ; @output_buffer.concat(( render :partial => "form", , :locals => {:submit_text => "Create"} ).to_s); @output_buffer
                                                                                                                                                  ^) on line #1 of app/views/books/new.html.erb:
1: <%= render :partial => "form", , :locals => {:submit_text => "Create"} %>

    app/views/books/new.html.erb:4:in `compile!'

Rendered rescues/_trace (35.7ms)
Rendered rescues/_request_and_response (0.4ms)
Rendering rescues/layout (internal_server_error)


Processing BooksController#new (for 127.0.0.1 at 2009-04-07 15:22:24) [GET]
Rendering template within layouts/application
Rendering books/new
Rendered books/_form (2.3ms)
Completed in 11ms (View: 6, DB: 0) | 200 OK [http://localhost/books/new]


Processing BooksController#create (for 127.0.0.1 at 2009-04-07 15:22:41) [POST]
  Parameters: {"commit"=>"Create", "authenticity_token"=>"4XAOBuLifWvZD0g2jaxyRpVw2lTrBnajx/7ZoVbweS8=", "book"=>{"isbn"=>"", "title"=>""}}
  [4;35;1mBook Exists (0.9ms)[0m   [0mSELECT "books".id FROM "books" WHERE ("books"."isbn" = '') LIMIT 1[0m
Rendering template within layouts/application
Rendering books/new
Rendered books/_form (1.5ms)
Completed in 15ms (View: 4, DB: 1) | 200 OK [http://localhost/books]


Processing BooksController#show (for 127.0.0.1 at 2009-04-07 15:25:56) [GET]
  Parameters: {"id"=>"6"}
  [4;36;1mBook Load (0.2ms)[0m   [0;1mSELECT * FROM "books" WHERE ("books"."id" = 6) [0m
Rendering template within layouts/application
Rendering books/show
  [4;35;1mAuthor Load (0.2ms)[0m   [0mSELECT * FROM "authors" INNER JOIN "authors_books" ON "authors".id = "authors_books".author_id WHERE ("authors_books".book_id = 6 ) [0m
Completed in 12ms (View: 6, DB: 0) | 200 OK [http://localhost/books/6]


Processing BooksController#edit (for 127.0.0.1 at 2009-04-07 15:26:00) [GET]
  Parameters: {"id"=>"6"}
  [4;36;1mBook Load (0.2ms)[0m   [0;1mSELECT * FROM "books" WHERE ("books"."id" = 6) [0m
Rendering template within layouts/application
Rendering books/edit
Rendered books/_form (2.1ms)
Completed in 9ms (View: 4, DB: 0) | 200 OK [http://localhost/books/6/edit]


Processing BooksController#update (for 127.0.0.1 at 2009-04-07 15:26:34) [PUT]
  Parameters: {"commit"=>"Update", "authenticity_token"=>"4XAOBuLifWvZD0g2jaxyRpVw2lTrBnajx/7ZoVbweS8=", "id"=>"6", "book"=>{"isbn"=>"7657654", "title"=>"Just another book"}}
  [4;35;1mBook Load (0.3ms)[0m   [0mSELECT * FROM "books" WHERE ("books"."id" = 6) [0m
  [4;36;1mBook Exists (0.2ms)[0m   [0;1mSELECT "books".id FROM "books" WHERE ("books"."isbn" = '7657654' AND "books".id <> 6) LIMIT 1[0m
Redirected to http://localhost:3100/books/6
Completed in 15ms (DB: 0) | 302 Found [http://localhost/books/6]


Processing BooksController#show (for 127.0.0.1 at 2009-04-07 15:26:34) [GET]
  Parameters: {"id"=>"6"}
  [4;35;1mBook Load (0.2ms)[0m   [0mSELECT * FROM "books" WHERE ("books"."id" = 6) [0m
Rendering template within layouts/application
Rendering books/show
  [4;36;1mAuthor Load (0.2ms)[0m   [0;1mSELECT * FROM "authors" INNER JOIN "authors_books" ON "authors".id = "authors_books".author_id WHERE ("authors_books".book_id = 6 ) [0m
Completed in 12ms (View: 6, DB: 0) | 200 OK [http://localhost/books/6]


Processing AuthorsController#index (for 127.0.0.1 at 2009-04-07 15:30:07) [GET]
  [4;35;1mAuthor Load (0.6ms)[0m   [0mSELECT * FROM "authors" [0m
Rendering template within layouts/authors
Rendering authors/index
Completed in 18ms (View: 12, DB: 1) | 200 OK [http://localhost/authors]


Processing AuthorsController#index (for 127.0.0.1 at 2009-04-07 15:30:31) [GET]
  [4;36;1mAuthor Load (0.6ms)[0m   [0;1mSELECT * FROM "authors" [0m
Rendering template within layouts/authors
Rendering authors/index
Completed in 16ms (View: 10, DB: 1) | 200 OK [http://localhost/authors]


Processing AuthorsController#show (for 127.0.0.1 at 2009-04-07 15:30:34) [GET]
  Parameters: {"id"=>"1"}
  [4;35;1mAuthor Load (0.2ms)[0m   [0mSELECT * FROM "authors" WHERE ("authors"."id" = 1) [0m
Rendering template within layouts/authors
Rendering authors/show
Completed in 10ms (View: 4, DB: 0) | 200 OK [http://localhost/authors/1]


Processing AuthorsController#show (for 127.0.0.1 at 2009-04-07 15:30:46) [GET]
  Parameters: {"id"=>"1"}
  [4;36;1mAuthor Load (0.2ms)[0m   [0;1mSELECT * FROM "authors" WHERE ("authors"."id" = 1) [0m
Rendering template within layouts/authors
Rendering authors/show
Completed in 11ms (View: 5, DB: 0) | 200 OK [http://localhost/authors/1]


Processing AuthorsController#edit (for 127.0.0.1 at 2009-04-07 15:30:50) [GET]
  Parameters: {"id"=>"1"}
  [4;35;1mAuthor Load (0.2ms)[0m   [0mSELECT * FROM "authors" WHERE ("authors"."id" = 1) [0m
Rendering template within layouts/authors
Rendering authors/edit
Completed in 11ms (View: 6, DB: 0) | 200 OK [http://localhost/authors/1/edit]


Processing AuthorsController#edit (for 127.0.0.1 at 2009-04-07 15:32:46) [GET]
  Parameters: {"id"=>"1"}
  [4;36;1mAuthor Load (0.2ms)[0m   [0;1mSELECT * FROM "authors" WHERE ("authors"."id" = 1) [0m
Rendering template within layouts/authors
Rendering authors/edit
Completed in 9ms (View: 4, DB: 0) | 200 OK [http://localhost/authors/1/edit]


Processing AuthorsController#edit (for 127.0.0.1 at 2009-04-07 15:33:49) [GET]
  Parameters: {"id"=>"1"}
  [4;35;1mAuthor Load (0.2ms)[0m   [0mSELECT * FROM "authors" WHERE ("authors"."id" = 1) [0m
Rendering template within layouts/authors
Rendering authors/edit
Rendered authors/_form (3.2ms)
Completed in 79ms (View: 73, DB: 0) | 200 OK [http://localhost/authors/1/edit]


Processing AuthorsController#edit (for 127.0.0.1 at 2009-04-07 15:34:14) [GET]
  Parameters: {"id"=>"1"}
  [4;36;1mAuthor Load (0.2ms)[0m   [0;1mSELECT * FROM "authors" WHERE ("authors"."id" = 1) [0m
Rendering template within layouts/application
Rendering authors/edit
Rendered authors/_form (2.4ms)
Completed in 13ms (View: 7, DB: 0) | 200 OK [http://localhost/authors/1/edit]


Processing AuthorsController#update (for 127.0.0.1 at 2009-04-07 15:34:21) [PUT]
  Parameters: {"commit"=>"Update", "authenticity_token"=>"4XAOBuLifWvZD0g2jaxyRpVw2lTrBnajx/7ZoVbweS8=", "author"=>{"first_name"=>"Dave", "last_name"=>""}, "id"=>"1"}
  [4;35;1mAuthor Load (0.2ms)[0m   [0mSELECT * FROM "authors" WHERE ("authors"."id" = 1) [0m
  [4;36;1mAuthor Update (0.5ms)[0m   [0;1mUPDATE "authors" SET "last_name" = '', "updated_at" = '2009-04-07 12:34:21' WHERE "id" = 1[0m
Redirected to http://localhost:3100/authors/1
Completed in 13ms (DB: 1) | 302 Found [http://localhost/authors/1]


Processing AuthorsController#show (for 127.0.0.1 at 2009-04-07 15:34:21) [GET]
  Parameters: {"id"=>"1"}
  [4;35;1mAuthor Load (0.2ms)[0m   [0mSELECT * FROM "authors" WHERE ("authors"."id" = 1) [0m
Rendering template within layouts/application
Rendering authors/show
Completed in 11ms (View: 5, DB: 0) | 200 OK [http://localhost/authors/1]


Processing AuthorsController#edit (for 127.0.0.1 at 2009-04-07 15:34:23) [GET]
  Parameters: {"id"=>"1"}
  [4;36;1mAuthor Load (0.2ms)[0m   [0;1mSELECT * FROM "authors" WHERE ("authors"."id" = 1) [0m
Rendering template within layouts/application
Rendering authors/edit
Rendered authors/_form (3.2ms)
Completed in 10ms (View: 5, DB: 0) | 200 OK [http://localhost/authors/1/edit]


Processing AuthorsController#update (for 127.0.0.1 at 2009-04-07 15:34:28) [PUT]
  Parameters: {"commit"=>"Update", "authenticity_token"=>"4XAOBuLifWvZD0g2jaxyRpVw2lTrBnajx/7ZoVbweS8=", "author"=>{"first_name"=>"Dave", "last_name"=>"Thomas"}, "id"=>"1"}
  [4;35;1mAuthor Load (0.2ms)[0m   [0mSELECT * FROM "authors" WHERE ("authors"."id" = 1) [0m
  [4;36;1mAuthor Update (0.5ms)[0m   [0;1mUPDATE "authors" SET "last_name" = 'Thomas', "updated_at" = '2009-04-07 12:34:28' WHERE "id" = 1[0m
Redirected to http://localhost:3100/authors/1
Completed in 13ms (DB: 1) | 302 Found [http://localhost/authors/1]


Processing AuthorsController#show (for 127.0.0.1 at 2009-04-07 15:34:28) [GET]
  Parameters: {"id"=>"1"}
  [4;35;1mAuthor Load (0.2ms)[0m   [0mSELECT * FROM "authors" WHERE ("authors"."id" = 1) [0m
Rendering template within layouts/application
Rendering authors/show
Completed in 9ms (View: 3, DB: 0) | 200 OK [http://localhost/authors/1]


Processing AuthorsController#show (for 127.0.0.1 at 2009-04-07 15:34:51) [GET]
  Parameters: {"id"=>"1"}
  [4;36;1mAuthor Load (0.3ms)[0m   [0;1mSELECT * FROM "authors" WHERE ("authors"."id" = 1) [0m
Rendering template within layouts/application
Rendering authors/show
Completed in 10ms (View: 3, DB: 0) | 200 OK [http://localhost/authors/1]


Processing AuthorsController#edit (for 127.0.0.1 at 2009-04-07 15:34:52) [GET]
  Parameters: {"id"=>"1"}
  [4;35;1mAuthor Load (0.2ms)[0m   [0mSELECT * FROM "authors" WHERE ("authors"."id" = 1) [0m
Rendering template within layouts/application
Rendering authors/edit
Rendered authors/_form (2.4ms)
Completed in 9ms (View: 4, DB: 0) | 200 OK [http://localhost/authors/1/edit]


Processing AuthorsController#update (for 127.0.0.1 at 2009-04-07 15:34:54) [PUT]
  Parameters: {"commit"=>"Update", "authenticity_token"=>"4XAOBuLifWvZD0g2jaxyRpVw2lTrBnajx/7ZoVbweS8=", "author"=>{"first_name"=>"Dave", "last_name"=>""}, "id"=>"1"}
  [4;36;1mAuthor Load (0.3ms)[0m   [0;1mSELECT * FROM "authors" WHERE ("authors"."id" = 1) [0m
Rendering template within layouts/application
Rendering authors/edit
Rendered authors/_form (1.7ms)
Completed in 19ms (View: 7, DB: 0) | 200 OK [http://localhost/authors/1]


Processing AuthorsController#update (for 127.0.0.1 at 2009-04-07 15:34:57) [PUT]
  Parameters: {"commit"=>"Update", "authenticity_token"=>"4XAOBuLifWvZD0g2jaxyRpVw2lTrBnajx/7ZoVbweS8=", "author"=>{"first_name"=>"Dave", "last_name"=>"Thomas"}, "id"=>"1"}
  [4;35;1mAuthor Load (0.3ms)[0m   [0mSELECT * FROM "authors" WHERE ("authors"."id" = 1) [0m
Redirected to http://localhost:3100/authors/1
Completed in 12ms (DB: 0) | 302 Found [http://localhost/authors/1]


Processing AuthorsController#show (for 127.0.0.1 at 2009-04-07 15:34:57) [GET]
  Parameters: {"id"=>"1"}
  [4;36;1mAuthor Load (0.2ms)[0m   [0;1mSELECT * FROM "authors" WHERE ("authors"."id" = 1) [0m
Rendering template within layouts/application
Rendering authors/show
Completed in 9ms (View: 3, DB: 0) | 200 OK [http://localhost/authors/1]


Processing AuthorsController#index (for 127.0.0.1 at 2009-04-07 15:34:59) [GET]
  [4;35;1mAuthor Load (0.6ms)[0m   [0mSELECT * FROM "authors" [0m
Rendering template within layouts/application
Rendering authors/index
Completed in 11ms (View: 4, DB: 1) | 200 OK [http://localhost/authors]


Processing AuthorsController#show (for 127.0.0.1 at 2009-04-07 15:35:01) [GET]
  Parameters: {"id"=>"2"}
  [4;36;1mAuthor Load (0.3ms)[0m   [0;1mSELECT * FROM "authors" WHERE ("authors"."id" = 2) [0m
Rendering template within layouts/application
Rendering authors/show
Completed in 9ms (View: 2, DB: 0) | 200 OK [http://localhost/authors/2]


Processing AuthorsController#edit (for 127.0.0.1 at 2009-04-07 15:35:02) [GET]
  Parameters: {"id"=>"2"}
  [4;35;1mAuthor Load (0.2ms)[0m   [0mSELECT * FROM "authors" WHERE ("authors"."id" = 2) [0m
Rendering template within layouts/application
Rendering authors/edit
Rendered authors/_form (2.3ms)
Completed in 9ms (View: 4, DB: 0) | 200 OK [http://localhost/authors/2/edit]


Processing AuthorsController#update (for 127.0.0.1 at 2009-04-07 15:35:03) [PUT]
  Parameters: {"commit"=>"Update", "authenticity_token"=>"4XAOBuLifWvZD0g2jaxyRpVw2lTrBnajx/7ZoVbweS8=", "author"=>{"first_name"=>"Andy", "last_name"=>"Hunt"}, "id"=>"2"}
  [4;36;1mAuthor Load (0.3ms)[0m   [0;1mSELECT * FROM "authors" WHERE ("authors"."id" = 2) [0m
Redirected to http://localhost:3100/authors/2
Completed in 9ms (DB: 0) | 302 Found [http://localhost/authors/2]


Processing AuthorsController#show (for 127.0.0.1 at 2009-04-07 15:35:03) [GET]
  Parameters: {"id"=>"2"}
  [4;35;1mAuthor Load (0.2ms)[0m   [0mSELECT * FROM "authors" WHERE ("authors"."id" = 2) [0m
Rendering template within layouts/application
Rendering authors/show
Completed in 8ms (View: 2, DB: 0) | 200 OK [http://localhost/authors/2]


Processing AuthorsController#index (for 127.0.0.1 at 2009-04-07 15:35:05) [GET]
  [4;36;1mAuthor Load (0.6ms)[0m   [0;1mSELECT * FROM "authors" [0m
Rendering template within layouts/application
Rendering authors/index
Completed in 9ms (View: 4, DB: 1) | 200 OK [http://localhost/authors]


Processing AuthorsController#new (for 127.0.0.1 at 2009-04-07 15:35:07) [GET]
Rendering template within layouts/application
Rendering authors/new
Completed in 10ms (View: 5, DB: 0) | 200 OK [http://localhost/authors/new]


Processing AuthorsController#new (for 127.0.0.1 at 2009-04-07 15:35:21) [GET]
Rendering template within layouts/application
Rendering authors/new
Rendered authors/_form (2.6ms)
Completed in 86ms (View: 7, DB: 0) | 200 OK [http://localhost/authors/new]


Processing AuthorsController#new (for 127.0.0.1 at 2009-04-07 15:35:57) [GET]
Rendering template within layouts/application
Rendering authors/new
Rendered authors/_form (2.9ms)
Completed in 13ms (View: 7, DB: 0) | 200 OK [http://localhost/authors/new]


Processing AuthorsController#create (for 127.0.0.1 at 2009-04-07 15:35:58) [POST]
  Parameters: {"commit"=>"Create", "authenticity_token"=>"4XAOBuLifWvZD0g2jaxyRpVw2lTrBnajx/7ZoVbweS8=", "author"=>{"first_name"=>"", "last_name"=>""}}
Rendering template within layouts/application
Rendering authors/new
Rendered authors/_form (1.7ms)
Completed in 15ms (View: 3, DB: 0) | 200 OK [http://localhost/authors]


Processing AuthorsController#index (for 127.0.0.1 at 2009-04-07 15:36:01) [GET]
  [4;35;1mAuthor Load (0.6ms)[0m   [0mSELECT * FROM "authors" [0m
Rendering template within layouts/application
Rendering authors/index
Completed in 10ms (View: 4, DB: 1) | 200 OK [http://localhost/authors]


Processing AuthorsController#edit (for 127.0.0.1 at 2009-04-07 15:36:02) [GET]
  Parameters: {"id"=>"2"}
  [4;36;1mAuthor Load (0.2ms)[0m   [0;1mSELECT * FROM "authors" WHERE ("authors"."id" = 2) [0m
Rendering template within layouts/application
Rendering authors/edit
Rendered authors/_form (4.5ms)
Completed in 12ms (View: 6, DB: 0) | 200 OK [http://localhost/authors/2/edit]


Processing AuthorsController#index (for 127.0.0.1 at 2009-04-07 15:36:05) [GET]
  [4;35;1mAuthor Load (1.1ms)[0m   [0mSELECT * FROM "authors" [0m
Rendering template within layouts/application
Rendering authors/index
Completed in 10ms (View: 4, DB: 1) | 200 OK [http://localhost/authors]
